#
# A fatal error has been detected by the Java Runtime Environment:
#
#  SIGSEGV (0xb) at pc=0x00007f34d7b9f590, pid=12936, tid=139864147797760
#
# JRE version: OpenJDK Runtime Environment (8.0_66-b17) (build 1.8.0_66-internal-b17)
# Java VM: OpenJDK 64-Bit Server VM (25.66-b17 mixed mode linux-amd64 compressed oops)
# Problematic frame:
# C  [libGL.so.1+0x44590]
#
# Failed to write core dump. Core dumps have been disabled. To enable core dumping, try "ulimit -c unlimited" before starting Java again
#
# If you would like to submit a bug report, please visit:
#   http://bugreport.java.com/bugreport/crash.jsp
# The crash happened outside the Java Virtual Machine in native code.
# See problematic frame for where to report the bug.
#

---------------  T H R E A D  ---------------

Current thread (0x00007f35245cd000):  JavaThread "LWJGL Application" [_thread_in_native, id=12970, stack(0x00007f34a8c8a000,0x00007f34a8d8b000)]

siginfo: si_signo: 11 (SIGSEGV), si_code: 1 (SEGV_MAPERR), si_addr: 0x0000000000000045

Registers:
RAX=0x0000000000000025, RBX=0x00007f348401a0a0, RCX=0x00007f34a8d88e30, RDX=0x00007f348414860c
RSP=0x00007f34a8d88d98, RBP=0x00007f34a8d88e0c, RSI=0x00007f6567617375, RDI=0x00007f34841485e0
R8 =0x0000000000000001, R9 =0x00007f34a8d88e0c, R10=0x000000000000006e, R11=0x00000000000004f6
R12=0x00007f348414860c, R13=0x00007f3484148608, R14=0x00007f3484019e30, R15=0x0000000000000002
RIP=0x00007f34d7b9f590, EFLAGS=0x0000000000010202, CSGSFS=0x0000000000000033, ERR=0x0000000000000004
  TRAPNO=0x000000000000000e

Top of Stack: (sp=0x00007f34a8d88d98)
0x00007f34a8d88d98:   0000000000000020 00007f34a8d88dc0
0x00007f34a8d88da8:   00007f34841485e0 00007f348416e4d8
0x00007f34a8d88db8:   0000000000000001 00007f34d60b3ce0
0x00007f34a8d88dc8:   00007f34d5c13b6b 00007f348401a0a0
0x00007f34a8d88dd8:   00007f34d5c13b35 00007f34840199d0
0x00007f34a8d88de8:   00007f3484032200 00007f348416e4d8
0x00007f34a8d88df8:   0000000000000000 00007f3484171670
0x00007f34a8d88e08:   00007f34856b4670 0000000000000000
0x00007f34a8d88e18:   00007f34d5ce296d 00007f34856b2638
0x00007f34a8d88e28:   0000000100000000 0000002000000001
0x00007f34a8d88e38:   0000000000000000 0000000000000000
0x00007f34a8d88e48:   0000000000000000 00007f3484171670
0x00007f34a8d88e58:   69fa63470222e300 00007f3484171670
0x00007f34a8d88e68:   00007f3484164520 00007f34841485e0
0x00007f34a8d88e78:   00007f348416e4d8 0000000000000003
0x00007f34a8d88e88:   0000000000000000 0000000000000001
0x00007f34a8d88e98:   00007f34d5c14071 00007f348416e4d8
0x00007f34a8d88ea8:   0000000000000000 00007f34a8d88f70
0x00007f34a8d88eb8:   00007f34d5c19e57 00007f348420ceb0
0x00007f34a8d88ec8:   0000000000000000 0000000000000000
0x00007f34a8d88ed8:   0000000100000000 0000000000000000
0x00007f34a8d88ee8:   00007f34841bbae0 00007f34016b8590
0x00007f34a8d88ef8:   000000008416e4d8 00007f348416e4d8
0x00007f34a8d88f08:   00007f348416e4d8 0000000000000000
0x00007f34a8d88f18:   0000000000000004 00007f34841b8840
0x00007f34a8d88f28:   0000000000000000 0000000000000001
0x00007f34a8d88f38:   00007f34d5a5633a 0000000000000003
0x00007f34a8d88f48:   0000000000000000 0000000000000000
0x00007f34a8d88f58:   0000000000000000 00007f348416e4d8
0x00007f34a8d88f68:   0000000600000000 0000000000000606
0x00007f34a8d88f78:   0000000000000004 0000000000000001
0x00007f34a8d88f88:   0000000000000000 0000000000000000 

Instructions: (pc=0x00007f34d7b9f590)
0x00007f34d7b9f570:   41 55 41 54 49 89 f5 55 53 49 89 d4 4c 89 cd 48
0x00007f34d7b9f580:   83 ec 10 48 8b 5c 24 38 48 8b 43 18 48 8b 73 08
0x00007f34d7b9f590:   48 8b 78 20 41 51 45 89 c1 49 89 c8 48 89 d1 4c
0x00007f34d7b9f5a0:   89 ea e8 f9 fb ff ff 48 85 c0 5a 59 74 42 49 89 

Register to memory mapping:

RAX=0x0000000000000025 is an unknown value
RBX=0x00007f348401a0a0 is an unknown value
RCX=0x00007f34a8d88e30 is pointing into the stack for thread: 0x00007f35245cd000
RDX=0x00007f348414860c is an unknown value
RSP=0x00007f34a8d88d98 is pointing into the stack for thread: 0x00007f35245cd000
RBP=0x00007f34a8d88e0c is pointing into the stack for thread: 0x00007f35245cd000
RSI=0x00007f6567617375 is an unknown value
RDI=0x00007f34841485e0 is an unknown value
R8 =0x0000000000000001 is an unknown value
R9 =0x00007f34a8d88e0c is pointing into the stack for thread: 0x00007f35245cd000
R10=0x000000000000006e is an unknown value
R11=0x00000000000004f6 is an unknown value
R12=0x00007f348414860c is an unknown value
R13=0x00007f3484148608 is an unknown value
R14=0x00007f3484019e30 is an unknown value
R15=0x0000000000000002 is an unknown value


Stack: [0x00007f34a8c8a000,0x00007f34a8d8b000],  sp=0x00007f34a8d88d98,  free space=1019k
Native frames: (J=compiled Java code, j=interpreted, Vv=VM code, C=native code)
C  [libGL.so.1+0x44590]
C  0xd5ce296d00000000

Java frames: (J=compiled Java code, j=interpreted, Vv=VM code)
j  org.lwjgl.opengl.EXTFramebufferObject.nglGenerateMipmapEXT(IJ)V+0
j  org.lwjgl.opengl.EXTFramebufferObject.glGenerateMipmapEXT(I)V+15
j  com.badlogic.gdx.backends.lwjgl.LwjglGL20.glGenerateMipmap(I)V+1
j  com.badlogic.gdx.graphics.glutils.MipMapGenerator.generateMipMapDesktop(ILcom/badlogic/gdx/graphics/Pixmap;II)V+71
j  com.badlogic.gdx.graphics.glutils.MipMapGenerator.generateMipMap(ILcom/badlogic/gdx/graphics/Pixmap;II)V+68
j  com.badlogic.gdx.graphics.GLTexture.uploadImageData(ILcom/badlogic/gdx/graphics/TextureData;I)V+189
j  com.badlogic.gdx.graphics.GLTexture.uploadImageData(ILcom/badlogic/gdx/graphics/TextureData;)V+3
j  com.badlogic.gdx.graphics.Texture.load(Lcom/badlogic/gdx/graphics/TextureData;)V+63
j  com.badlogic.gdx.graphics.Texture.<init>(Lcom/badlogic/gdx/graphics/TextureData;)V+17
j  com.badlogic.gdx.graphics.Texture.<init>(Lcom/badlogic/gdx/files/FileHandle;Lcom/badlogic/gdx/graphics/Pixmap$Format;Z)V+7
j  com.badlogic.gdx.graphics.g2d.TextureAtlas.load(Lcom/badlogic/gdx/graphics/g2d/TextureAtlas$TextureAtlasData;)V+66
j  com.badlogic.gdx.graphics.g2d.TextureAtlas.<init>(Lcom/badlogic/gdx/graphics/g2d/TextureAtlas$TextureAtlasData;)V+33
j  com.badlogic.gdx.graphics.g2d.TextureAtlas.<init>(Lcom/badlogic/gdx/files/FileHandle;Lcom/badlogic/gdx/files/FileHandle;Z)V+11
j  com.badlogic.gdx.graphics.g2d.TextureAtlas.<init>(Lcom/badlogic/gdx/files/FileHandle;Lcom/badlogic/gdx/files/FileHandle;)V+4
j  com.badlogic.gdx.graphics.g2d.TextureAtlas.<init>(Lcom/badlogic/gdx/files/FileHandle;)V+6
j  com.badlogic.gdx.scenes.scene2d.ui.Skin.<init>(Lcom/badlogic/gdx/files/FileHandle;)V+55
j  com.bladecoder.engineeditor.Editor.create()V+15
j  com.badlogic.gdx.backends.lwjgl.LwjglApplication.mainLoop()V+29
j  com.badlogic.gdx.backends.lwjgl.LwjglApplication$1.run()V+27
v  ~StubRoutines::call_stub

---------------  P R O C E S S  ---------------

Java Threads: ( => current thread )
  0x00007f3524009800 JavaThread "DestroyJavaVM" [_thread_blocked, id=12941, stack(0x00007f352b050000,0x00007f352b151000)]
=>0x00007f35245cd000 JavaThread "LWJGL Application" [_thread_in_native, id=12970, stack(0x00007f34a8c8a000,0x00007f34a8d8b000)]
  0x00007f3524402000 JavaThread "AWT-EventQueue-0" [_thread_blocked, id=12966, stack(0x00007f34ab1e9000,0x00007f34ab2ea000)]
  0x00007f3524400000 JavaThread "AWT-Shutdown" [_thread_blocked, id=12965, stack(0x00007f34ab2ea000,0x00007f34ab3eb000)]
  0x00007f3524511800 JavaThread "process reaper" daemon [_thread_blocked, id=12964, stack(0x00007f34c8490000,0x00007f34c84c9000)]
  0x00007f352450a800 JavaThread "AWT-XAWT" daemon [_thread_in_native, id=12962, stack(0x00007f34c84c9000,0x00007f34c85ca000)]
  0x00007f35244fb800 JavaThread "Java2D Disposer" daemon [_thread_blocked, id=12961, stack(0x00007f34c85ca000,0x00007f34c86cb000)]
  0x00007f3524433800 JavaThread "JavaFX Application Thread" [_thread_in_native, id=12960, stack(0x00007f34c8d59000,0x00007f34c8e5a000)]
  0x00007f352442f800 JavaThread "Thread-1" daemon [_thread_blocked, id=12959, stack(0x00007f34fc00a000,0x00007f34fc10b000)]
  0x00007f3524358800 JavaThread "QuantumRenderer-0" daemon [_thread_blocked, id=12955, stack(0x00007f34fc1d3000,0x00007f34fc2d4000)]
  0x00007f35240bf800 JavaThread "Service Thread" daemon [_thread_blocked, id=12953, stack(0x00007f34fdbaa000,0x00007f34fdcab000)]
  0x00007f35240b2000 JavaThread "C1 CompilerThread2" daemon [_thread_blocked, id=12952, stack(0x00007f34fdcab000,0x00007f34fddac000)]
  0x00007f35240b0800 JavaThread "C2 CompilerThread1" daemon [_thread_blocked, id=12951, stack(0x00007f34fddac000,0x00007f34fdead000)]
  0x00007f35240ad800 JavaThread "C2 CompilerThread0" daemon [_thread_blocked, id=12950, stack(0x00007f34fdead000,0x00007f34fdfae000)]
  0x00007f35240ab000 JavaThread "Signal Dispatcher" daemon [_thread_blocked, id=12949, stack(0x00007f34fdfae000,0x00007f34fe0af000)]
  0x00007f352407e800 JavaThread "Finalizer" daemon [_thread_blocked, id=12948, stack(0x00007f34fe5ee000,0x00007f34fe6ef000)]
  0x00007f352407c800 JavaThread "Reference Handler" daemon [_thread_blocked, id=12947, stack(0x00007f34fe6ef000,0x00007f34fe7f0000)]

Other Threads:
  0x00007f3524077800 VMThread [stack: 0x00007f34fe7f0000,0x00007f34fe8f1000] [id=12946]
  0x00007f35240c2000 WatcherThread [stack: 0x00007f34fdaa9000,0x00007f34fdbaa000] [id=12954]

VM state:not at safepoint (normal execution)

VM Mutex/Monitor currently owned by a thread: None

Heap:
 PSYoungGen      total 36864K, used 25865K [0x00000000d7000000, 0x00000000d9900000, 0x0000000100000000)
  eden space 31744K, 81% used [0x00000000d7000000,0x00000000d89425a8,0x00000000d8f00000)
  from space 5120K, 0% used [0x00000000d9400000,0x00000000d9400000,0x00000000d9900000)
  to   space 5120K, 0% used [0x00000000d8f00000,0x00000000d8f00000,0x00000000d9400000)
 ParOldGen       total 84992K, used 0K [0x0000000085000000, 0x000000008a300000, 0x00000000d7000000)
  object space 84992K, 0% used [0x0000000085000000,0x0000000085000000,0x000000008a300000)
 Metaspace       used 11626K, capacity 11923K, committed 12160K, reserved 1060864K
  class space    used 1180K, capacity 1285K, committed 1408K, reserved 1048576K

Card table byte_map: [0x00007f3514867000,0x00007f3514c40000] byte_map_base: 0x00007f351443f000

Marking Bits: (ParMarkBitMap*) 0x00007f352a326000
 Begin Bits: [0x00007f3504280000, 0x00007f3506140000)
 End Bits:   [0x00007f3506140000, 0x00007f3508000000)

Polling page: 0x00007f352b176000

CodeCache: size=245760Kb used=2977Kb max_used=2977Kb free=242782Kb
 bounds [0x00007f3515000000, 0x00007f35152f0000, 0x00007f3524000000]
 total_blobs=1338 nmethods=705 adapters=548
 compilation: enabled

Compilation events (10 events):
Event: 0,863 Thread 0x00007f35240b2000  689       3       sun.misc.URLClassPath$JarLoader::findResource (18 bytes)
Event: 0,863 Thread 0x00007f35240b2000 nmethod 689 0x00007f35152e7e10 code [0x00007f35152e7fa0, 0x00007f35152e8238]
Event: 0,872 Thread 0x00007f35240b2000  702       3       java.util.Stack::empty (13 bytes)
Event: 0,872 Thread 0x00007f35240b2000 nmethod 702 0x00007f35152e8310 code [0x00007f35152e8480, 0x00007f35152e8850]
Event: 0,882 Thread 0x00007f35240b2000  703       3       java.lang.Integer::stringSize (21 bytes)
Event: 0,883 Thread 0x00007f35240b2000 nmethod 703 0x00007f35152e8910 code [0x00007f35152e8a80, 0x00007f35152e8c90]
Event: 0,883 Thread 0x00007f35240b2000  704       3       java.lang.Integer::getChars (131 bytes)
Event: 0,883 Thread 0x00007f35240b2000 nmethod 704 0x00007f35152e8d90 code [0x00007f35152e8f40, 0x00007f35152e93d0]
Event: 0,885 Thread 0x00007f35240b2000  705       3       java.nio.ByteBuffer::arrayOffset (35 bytes)
Event: 0,885 Thread 0x00007f35240b2000 nmethod 705 0x00007f35152e9810 code [0x00007f35152e99a0, 0x00007f35152e9cb8]

GC Heap History (0 events):
No events

Deoptimization events (2 events):
Event: 0,423 Thread 0x00007f3524009800 Uncommon trap: reason=unstable_if action=reinterpret pc=0x00007f35151b693c method=java.lang.String.replace(CC)Ljava/lang/String; @ 2
Event: 0,447 Thread 0x00007f3524009800 Uncommon trap: reason=unstable_if action=reinterpret pc=0x00007f35151c691c method=java.lang.String.indexOf([CII[CIII)I @ 134

Internal exceptions (10 events):
Event: 0,550 Thread 0x00007f3524009800 Exception <a 'java/security/PrivilegedActionException'> (0x00000000d7f2e6e0) thrown at [/build/openjdk-8-aAuh2m/openjdk-8-8u66-b17/src/hotspot/src/share/vm/prims/jvm.cpp, line 1386]
Event: 0,550 Thread 0x00007f3524009800 Exception <a 'java/security/PrivilegedActionException'> (0x00000000d7f2f338) thrown at [/build/openjdk-8-aAuh2m/openjdk-8-8u66-b17/src/hotspot/src/share/vm/prims/jvm.cpp, line 1386]
Event: 0,550 Thread 0x00007f3524009800 Exception <a 'java/security/PrivilegedActionException'> (0x00000000d7f2ff60) thrown at [/build/openjdk-8-aAuh2m/openjdk-8-8u66-b17/src/hotspot/src/share/vm/prims/jvm.cpp, line 1386]
Event: 0,550 Thread 0x00007f3524009800 Exception <a 'java/security/PrivilegedActionException'> (0x00000000d7f32170) thrown at [/build/openjdk-8-aAuh2m/openjdk-8-8u66-b17/src/hotspot/src/share/vm/prims/jvm.cpp, line 1386]
Event: 0,550 Thread 0x00007f3524009800 Exception <a 'java/security/PrivilegedActionException'> (0x00000000d7f32dc8) thrown at [/build/openjdk-8-aAuh2m/openjdk-8-8u66-b17/src/hotspot/src/share/vm/prims/jvm.cpp, line 1386]
Event: 0,550 Thread 0x00007f3524009800 Exception <a 'java/security/PrivilegedActionException'> (0x00000000d7f339f0) thrown at [/build/openjdk-8-aAuh2m/openjdk-8-8u66-b17/src/hotspot/src/share/vm/prims/jvm.cpp, line 1386]
Event: 0,550 Thread 0x00007f3524009800 Exception <a 'java/security/PrivilegedActionException'> (0x00000000d7f359b8) thrown at [/build/openjdk-8-aAuh2m/openjdk-8-8u66-b17/src/hotspot/src/share/vm/prims/jvm.cpp, line 1386]
Event: 0,550 Thread 0x00007f3524009800 Exception <a 'java/security/PrivilegedActionException'> (0x00000000d7f36610) thrown at [/build/openjdk-8-aAuh2m/openjdk-8-8u66-b17/src/hotspot/src/share/vm/prims/jvm.cpp, line 1386]
Event: 0,550 Thread 0x00007f3524009800 Exception <a 'java/security/PrivilegedActionException'> (0x00000000d7f37238) thrown at [/build/openjdk-8-aAuh2m/openjdk-8-8u66-b17/src/hotspot/src/share/vm/prims/jvm.cpp, line 1386]
Event: 0,642 Thread 0x00007f3524009800 Exception <a 'java/lang/NoClassDefFoundError': org/lwjgl/opengles/GLContext> (0x00000000d836cb08) thrown at [/build/openjdk-8-aAuh2m/openjdk-8-8u66-b17/src/hotspot/src/share/vm/classfile/systemDictionary.cpp, line 199]

Events (10 events):
Event: 0,873 loading class org/lwjgl/opengl/EXTFramebufferObject
Event: 0,873 loading class org/lwjgl/opengl/EXTFramebufferObject done
Event: 0,883 loading class java/lang/Throwable$WrappedPrintStream
Event: 0,883 loading class java/lang/Throwable$PrintStreamOrWriter
Event: 0,883 loading class java/lang/Throwable$PrintStreamOrWriter done
Event: 0,883 loading class java/lang/Throwable$WrappedPrintStream done
Event: 0,883 loading class java/util/IdentityHashMap$KeySet
Event: 0,883 loading class java/util/IdentityHashMap$KeySet done
Event: 0,885 Thread 0x00007f3524009800 Thread exited: 0x00007f3524009800
Event: 0,885 Thread 0x00007f3524009800 Thread added: 0x00007f3524009800


Dynamic libraries:
00400000-00401000 r-xp 00000000 08:01 18091110                           /usr/lib/jvm/java-8-openjdk-amd64/jre/bin/java
00600000-00601000 r--p 00000000 08:01 18091110                           /usr/lib/jvm/java-8-openjdk-amd64/jre/bin/java
00601000-00602000 rw-p 00001000 08:01 18091110                           /usr/lib/jvm/java-8-openjdk-amd64/jre/bin/java
01305000-01326000 rw-p 00000000 00:00 0                                  [heap]
85000000-8a300000 rw-p 00000000 00:00 0 
8a300000-d7000000 ---p 00000000 00:00 0 
d7000000-d9900000 rw-p 00000000 00:00 0 
d9900000-100000000 ---p 00000000 00:00 0 
100000000-100160000 rw-p 00000000 00:00 0 
100160000-140000000 ---p 00000000 00:00 0 
7f3484000000-7f3485ab7000 rw-p 00000000 00:00 0 
7f3485ab7000-7f3488000000 ---p 00000000 00:00 0 
7f348c000000-7f348c021000 rw-p 00000000 00:00 0 
7f348c021000-7f3490000000 ---p 00000000 00:00 0 
7f3493fff000-7f3498000000 rw-s 00000000 00:14 44                         /dev/shm/pulse-shm-2611663204
7f3498000000-7f3498021000 rw-p 00000000 00:00 0 
7f3498021000-7f349c000000 ---p 00000000 00:00 0 
7f349c000000-7f349c021000 rw-p 00000000 00:00 0 
7f349c021000-7f34a0000000 ---p 00000000 00:00 0 
7f34a0000000-7f34a0021000 rw-p 00000000 00:00 0 
7f34a0021000-7f34a4000000 ---p 00000000 00:00 0 
7f34a4000000-7f34a4021000 rw-p 00000000 00:00 0 
7f34a4021000-7f34a8000000 ---p 00000000 00:00 0 
7f34a898a000-7f34a8a8a000 rw-s 00000000 00:05 289815                     /drm mm object (deleted)
7f34a8a8a000-7f34a8b0a000 rw-p 00000000 00:00 0 
7f34a8b0a000-7f34a8c8a000 ---p 00000000 00:00 0 
7f34a8c8a000-7f34a8c8d000 ---p 00000000 00:00 0 
7f34a8c8d000-7f34a8d8b000 rw-p 00000000 00:00 0                          [stack:12970]
7f34a8d8b000-7f34a8d8c000 ---p 00000000 00:00 0 
7f34a8d8c000-7f34a8e8c000 rw-p 00000000 00:00 0                          [stack:12969]
7f34a8e8c000-7f34a8e8d000 ---p 00000000 00:00 0 
7f34a8e8d000-7f34a968d000 rw-p 00000000 00:00 0                          [stack:12968]
7f34a968d000-7f34a971e000 r-xp 00000000 08:01 18096598                   /usr/lib/x86_64-linux-gnu/libvorbisenc.so.2.0.10
7f34a971e000-7f34a991d000 ---p 00091000 08:01 18096598                   /usr/lib/x86_64-linux-gnu/libvorbisenc.so.2.0.10
7f34a991d000-7f34a993f000 r--p 00090000 08:01 18096598                   /usr/lib/x86_64-linux-gnu/libvorbisenc.so.2.0.10
7f34a993f000-7f34a9940000 rw-p 000b2000 08:01 18096598                   /usr/lib/x86_64-linux-gnu/libvorbisenc.so.2.0.10
7f34a9940000-7f34a99b3000 r-xp 00000000 08:01 18091742                   /usr/lib/x86_64-linux-gnu/libFLAC.so.8.3.0
7f34a99b3000-7f34a9bb3000 ---p 00073000 08:01 18091742                   /usr/lib/x86_64-linux-gnu/libFLAC.so.8.3.0
7f34a9bb3000-7f34a9bb4000 r--p 00073000 08:01 18091742                   /usr/lib/x86_64-linux-gnu/libFLAC.so.8.3.0
7f34a9bb4000-7f34a9bb5000 rw-p 00074000 08:01 18091742                   /usr/lib/x86_64-linux-gnu/libFLAC.so.8.3.0
7f34a9bb5000-7f34a9bcc000 r-xp 00000000 08:01 29366663                   /lib/x86_64-linux-gnu/libnsl-2.21.so
7f34a9bcc000-7f34a9dcb000 ---p 00017000 08:01 29366663                   /lib/x86_64-linux-gnu/libnsl-2.21.so
7f34a9dcb000-7f34a9dcc000 r--p 00016000 08:01 29366663                   /lib/x86_64-linux-gnu/libnsl-2.21.so
7f34a9dcc000-7f34a9dcd000 rw-p 00017000 08:01 29366663                   /lib/x86_64-linux-gnu/libnsl-2.21.so
7f34a9dcd000-7f34a9dcf000 rw-p 00000000 00:00 0 
7f34a9dcf000-7f34a9dd4000 r-xp 00000000 08:01 18089193                   /usr/lib/x86_64-linux-gnu/libasyncns.so.0.3.1
7f34a9dd4000-7f34a9fd3000 ---p 00005000 08:01 18089193                   /usr/lib/x86_64-linux-gnu/libasyncns.so.0.3.1
7f34a9fd3000-7f34a9fd4000 r--p 00004000 08:01 18089193                   /usr/lib/x86_64-linux-gnu/libasyncns.so.0.3.1
7f34a9fd4000-7f34a9fd5000 rw-p 00005000 08:01 18089193                   /usr/lib/x86_64-linux-gnu/libasyncns.so.0.3.1
7f34a9fd5000-7f34aa037000 r-xp 00000000 08:01 18091427                   /usr/lib/x86_64-linux-gnu/libsndfile.so.1.0.25
7f34aa037000-7f34aa237000 ---p 00062000 08:01 18091427                   /usr/lib/x86_64-linux-gnu/libsndfile.so.1.0.25
7f34aa237000-7f34aa239000 r--p 00062000 08:01 18091427                   /usr/lib/x86_64-linux-gnu/libsndfile.so.1.0.25
7f34aa239000-7f34aa23a000 rw-p 00064000 08:01 18091427                   /usr/lib/x86_64-linux-gnu/libsndfile.so.1.0.25
7f34aa23a000-7f34aa23e000 rw-p 00000000 00:00 0 
7f34aa23e000-7f34aa246000 r-xp 00000000 08:01 29364227                   /lib/x86_64-linux-gnu/libwrap.so.0.7.6
7f34aa246000-7f34aa445000 ---p 00008000 08:01 29364227                   /lib/x86_64-linux-gnu/libwrap.so.0.7.6
7f34aa445000-7f34aa446000 r--p 00007000 08:01 29364227                   /lib/x86_64-linux-gnu/libwrap.so.0.7.6
7f34aa446000-7f34aa447000 rw-p 00008000 08:01 29364227                   /lib/x86_64-linux-gnu/libwrap.so.0.7.6
7f34aa447000-7f34aa448000 rw-p 00000000 00:00 0 
7f34aa448000-7f34aa4bf000 r-xp 00000000 08:01 18483376                   /usr/lib/x86_64-linux-gnu/pulseaudio/libpulsecommon-6.0.so
7f34aa4bf000-7f34aa6bf000 ---p 00077000 08:01 18483376                   /usr/lib/x86_64-linux-gnu/pulseaudio/libpulsecommon-6.0.so
7f34aa6bf000-7f34aa6c0000 r--p 00077000 08:01 18483376                   /usr/lib/x86_64-linux-gnu/pulseaudio/libpulsecommon-6.0.so
7f34aa6c0000-7f34aa6c1000 rw-p 00078000 08:01 18483376                   /usr/lib/x86_64-linux-gnu/pulseaudio/libpulsecommon-6.0.so
7f34aa6c1000-7f34aa6cb000 r-xp 00000000 08:01 29361654                   /lib/x86_64-linux-gnu/libjson-c.so.2.0.0
7f34aa6cb000-7f34aa8ca000 ---p 0000a000 08:01 29361654                   /lib/x86_64-linux-gnu/libjson-c.so.2.0.0
7f34aa8ca000-7f34aa8cb000 r--p 00009000 08:01 29361654                   /lib/x86_64-linux-gnu/libjson-c.so.2.0.0
7f34aa8cb000-7f34aa8cc000 rw-p 0000a000 08:01 29361654                   /lib/x86_64-linux-gnu/libjson-c.so.2.0.0
7f34aa8cc000-7f34aa91a000 r-xp 00000000 08:01 18089110                   /usr/lib/x86_64-linux-gnu/libpulse.so.0.18.0
7f34aa91a000-7f34aab19000 ---p 0004e000 08:01 18089110                   /usr/lib/x86_64-linux-gnu/libpulse.so.0.18.0
7f34aab19000-7f34aab1a000 r--p 0004d000 08:01 18089110                   /usr/lib/x86_64-linux-gnu/libpulse.so.0.18.0
7f34aab1a000-7f34aab1b000 rw-p 0004e000 08:01 18089110                   /usr/lib/x86_64-linux-gnu/libpulse.so.0.18.0
7f34aab1b000-7f34aab70000 r-xp 00000000 08:01 19929421                   /tmp/libgdxrgarcia/31ce78a2/libopenal64.so
7f34aab70000-7f34aad6f000 ---p 00055000 08:01 19929421                   /tmp/libgdxrgarcia/31ce78a2/libopenal64.so
7f34aad6f000-7f34aad72000 r--p 00054000 08:01 19929421                   /tmp/libgdxrgarcia/31ce78a2/libopenal64.so
7f34aad72000-7f34aad73000 rw-p 00057000 08:01 19929421                   /tmp/libgdxrgarcia/31ce78a2/libopenal64.so
7f34aad73000-7f34aad74000 rw-p 00000000 00:00 0 
7f34aad74000-7f34aade4000 r-xp 00000000 08:01 19928741                   /tmp/libgdxrgarcia/31ce78a2/liblwjgl64.so
7f34aade4000-7f34aafe4000 ---p 00070000 08:01 19928741                   /tmp/libgdxrgarcia/31ce78a2/liblwjgl64.so
7f34aafe4000-7f34aafe6000 r--p 00070000 08:01 19928741                   /tmp/libgdxrgarcia/31ce78a2/liblwjgl64.so
7f34aafe6000-7f34aafe7000 rw-p 00072000 08:01 19928741                   /tmp/libgdxrgarcia/31ce78a2/liblwjgl64.so
7f34aafe7000-7f34aafe8000 r-xp 00000000 08:01 18091785                   /usr/lib/jvm/java-8-openjdk-amd64/jre/lib/amd64/libjawt.so
7f34aafe8000-7f34ab1e7000 ---p 00001000 08:01 18091785                   /usr/lib/jvm/java-8-openjdk-amd64/jre/lib/amd64/libjawt.so
7f34ab1e7000-7f34ab1e8000 r--p 00000000 08:01 18091785                   /usr/lib/jvm/java-8-openjdk-amd64/jre/lib/amd64/libjawt.so
7f34ab1e8000-7f34ab1e9000 rw-p 00001000 08:01 18091785                   /usr/lib/jvm/java-8-openjdk-amd64/jre/lib/amd64/libjawt.so
7f34ab1e9000-7f34ab1ec000 ---p 00000000 00:00 0 
7f34ab1ec000-7f34ab2ea000 rw-p 00000000 00:00 0                          [stack:12966]
7f34ab2ea000-7f34ab2ed000 ---p 00000000 00:00 0 
7f34ab2ed000-7f34ab3eb000 rw-p 00000000 00:00 0                          [stack:12965]
7f34ab3eb000-7f34ab3fd000 r-xp 00000000 08:01 29360378                   /lib/x86_64-linux-gnu/libgpg-error.so.0.15.0
7f34ab3fd000-7f34ab5fc000 ---p 00012000 08:01 29360378                   /lib/x86_64-linux-gnu/libgpg-error.so.0.15.0
7f34ab5fc000-7f34ab5fd000 r--p 00011000 08:01 29360378                   /lib/x86_64-linux-gnu/libgpg-error.so.0.15.0
7f34ab5fd000-7f34ab5fe000 rw-p 00012000 08:01 29360378                   /lib/x86_64-linux-gnu/libgpg-error.so.0.15.0
7f34ab5fe000-7f34ab6d6000 r-xp 00000000 08:01 29365508                   /lib/x86_64-linux-gnu/libgcrypt.so.20.0.3
7f34ab6d6000-7f34ab8d6000 ---p 000d8000 08:01 29365508                   /lib/x86_64-linux-gnu/libgcrypt.so.20.0.3
7f34ab8d6000-7f34ab8d7000 r--p 000d8000 08:01 29365508                   /lib/x86_64-linux-gnu/libgcrypt.so.20.0.3
7f34ab8d7000-7f34ab8e0000 rw-p 000d9000 08:01 29365508                   /lib/x86_64-linux-gnu/libgcrypt.so.20.0.3
7f34ab8e0000-7f34ab901000 r-xp 00000000 08:01 29364114                   /lib/x86_64-linux-gnu/liblzma.so.5.0.0
7f34ab901000-7f34abb00000 ---p 00021000 08:01 29364114                   /lib/x86_64-linux-gnu/liblzma.so.5.0.0
7f34abb00000-7f34abb01000 r--p 00020000 08:01 29364114                   /lib/x86_64-linux-gnu/liblzma.so.5.0.0
7f34abb01000-7f34abb02000 rw-p 00021000 08:01 29364114                   /lib/x86_64-linux-gnu/liblzma.so.5.0.0
7f34abb02000-7f34abb7f000 r-xp 00000000 08:01 29360177                   /lib/x86_64-linux-gnu/libsystemd.so.0.10.2
7f34abb7f000-7f34abb82000 r--p 0007c000 08:01 29360177                   /lib/x86_64-linux-gnu/libsystemd.so.0.10.2
7f34abb82000-7f34abb83000 rw-p 0007f000 08:01 29360177                   /lib/x86_64-linux-gnu/libsystemd.so.0.10.2
7f34abb83000-7f34abbcd000 r-xp 00000000 08:01 29360940                   /lib/x86_64-linux-gnu/libdbus-1.so.3.14.3
7f34abbcd000-7f34abdcd000 ---p 0004a000 08:01 29360940                   /lib/x86_64-linux-gnu/libdbus-1.so.3.14.3
7f34abdcd000-7f34abdce000 r--p 0004a000 08:01 29360940                   /lib/x86_64-linux-gnu/libdbus-1.so.3.14.3
7f34abdce000-7f34abdcf000 rw-p 0004b000 08:01 29360940                   /lib/x86_64-linux-gnu/libdbus-1.so.3.14.3
7f34abdcf000-7f34abdfb000 r-xp 00000000 08:01 18096626                   /usr/lib/x86_64-linux-gnu/libatspi.so.0.0.1
7f34abdfb000-7f34abffb000 ---p 0002c000 08:01 18096626                   /usr/lib/x86_64-linux-gnu/libatspi.so.0.0.1
7f34abffb000-7f34abfff000 r--p 0002c000 08:01 18096626                   /usr/lib/x86_64-linux-gnu/libatspi.so.0.0.1
7f34abfff000-7f34ac000000 rw-p 00030000 08:01 18096626                   /usr/lib/x86_64-linux-gnu/libatspi.so.0.0.1
7f34ac000000-7f34ac021000 rw-p 00000000 00:00 0 
7f34ac021000-7f34b0000000 ---p 00000000 00:00 0 
7f34b0000000-7f34b0021000 rw-p 00000000 00:00 0 
7f34b0021000-7f34b4000000 ---p 00000000 00:00 0 
7f34b4000000-7f34b4021000 rw-p 00000000 00:00 0 
7f34b4021000-7f34b8000000 ---p 00000000 00:00 0 
7f34b8000000-7f34b8021000 rw-p 00000000 00:00 0 
7f34b8021000-7f34bc000000 ---p 00000000 00:00 0 
7f34bc000000-7f34bc021000 rw-p 00000000 00:00 0 
7f34bc021000-7f34c0000000 ---p 00000000 00:00 0 
7f34c0000000-7f34c0022000 rw-p 00000000 00:00 0 
7f34c0022000-7f34c4000000 ---p 00000000 00:00 0 
7f34c4000000-7f34c4021000 rw-p 00000000 00:00 0 
7f34c4021000-7f34c8000000 ---p 00000000 00:00 0 
7f34c8028000-7f34c8054000 r-xp 00000000 08:01 18088280                   /usr/lib/x86_64-linux-gnu/libatk-bridge-2.0.so.0.0.0
7f34c8054000-7f34c8254000 ---p 0002c000 08:01 18088280                   /usr/lib/x86_64-linux-gnu/libatk-bridge-2.0.so.0.0.0
7f34c8254000-7f34c8255000 r--p 0002c000 08:01 18088280                   /usr/lib/x86_64-linux-gnu/libatk-bridge-2.0.so.0.0.0
7f34c8255000-7f34c8257000 rw-p 0002d000 08:01 18088280                   /usr/lib/x86_64-linux-gnu/libatk-bridge-2.0.so.0.0.0
7f34c825b000-7f34c8263000 rw-s 00000000 00:05 289814                     /drm mm object (deleted)
7f34c8263000-7f34c826b000 rw-s 00000000 00:05 289803                     /drm mm object (deleted)
7f34c826b000-7f34c8278000 r--p 00000000 08:01 19800337                   /usr/share/locale-langpack/es/LC_MESSAGES/pulseaudio.mo
7f34c8278000-7f34c828e000 r-xp 00000000 08:01 18088026                   /usr/lib/x86_64-linux-gnu/jni/libatk-wrapper.so.6.0.0
7f34c828e000-7f34c848e000 ---p 00016000 08:01 18088026                   /usr/lib/x86_64-linux-gnu/jni/libatk-wrapper.so.6.0.0
7f34c848e000-7f34c848f000 r--p 00016000 08:01 18088026                   /usr/lib/x86_64-linux-gnu/jni/libatk-wrapper.so.6.0.0
7f34c848f000-7f34c8490000 rw-p 00017000 08:01 18088026                   /usr/lib/x86_64-linux-gnu/jni/libatk-wrapper.so.6.0.0
7f34c8490000-7f34c8493000 ---p 00000000 00:00 0 
7f34c8493000-7f34c84c9000 rw-p 00000000 00:00 0                          [stack:12964]
7f34c84c9000-7f34c84cc000 ---p 00000000 00:00 0 
7f34c84cc000-7f34c85ca000 rw-p 00000000 00:00 0                          [stack:12962]
7f34c85ca000-7f34c85cd000 ---p 00000000 00:00 0 
7f34c85cd000-7f34c88cb000 rw-p 00000000 00:00 0                          [stack:12961]
7f34c88cb000-7f34c891d000 r-xp 00000000 08:01 18091719                   /usr/lib/jvm/java-8-openjdk-amd64/jre/lib/amd64/libfontmanager.so
7f34c891d000-7f34c8b1d000 ---p 00052000 08:01 18091719                   /usr/lib/jvm/java-8-openjdk-amd64/jre/lib/amd64/libfontmanager.so
7f34c8b1d000-7f34c8b1f000 r--p 00052000 08:01 18091719                   /usr/lib/jvm/java-8-openjdk-amd64/jre/lib/amd64/libfontmanager.so
7f34c8b1f000-7f34c8b20000 rw-p 00054000 08:01 18091719                   /usr/lib/jvm/java-8-openjdk-amd64/jre/lib/amd64/libfontmanager.so
7f34c8b20000-7f34c8b58000 r-xp 00000000 08:01 19928700                   /tmp/libgdxrgarcia/6ef2d459/libgdx64.so
7f34c8b58000-7f34c8d57000 ---p 00038000 08:01 19928700                   /tmp/libgdxrgarcia/6ef2d459/libgdx64.so
7f34c8d57000-7f34c8d58000 r--p 00037000 08:01 19928700                   /tmp/libgdxrgarcia/6ef2d459/libgdx64.so
7f34c8d58000-7f34c8d59000 rw-p 00038000 08:01 19928700                   /tmp/libgdxrgarcia/6ef2d459/libgdx64.so
7f34c8d59000-7f34c8d5c000 ---p 00000000 00:00 0 
7f34c8d5c000-7f34c8e5a000 rw-p 00000000 00:00 0                          [stack:12960]
7f34c8e5a000-7f34c8e5b000 ---p 00000000 00:00 0 
7f34c8e5b000-7f34c965b000 rw-p 00000000 00:00 0                          [stack:12958]
7f34c965b000-7f34c965c000 ---p 00000000 00:00 0 
7f34c965c000-7f34c9e5c000 rw-p 00000000 00:00 0                          [stack:12957]
7f34c9e5c000-7f34c9e5d000 ---p 00000000 00:00 0 
7f34c9e5d000-7f34ca65d000 rw-p 00000000 00:00 0                          [stack:12956]
7f34ca65d000-7f34ca668000 r-xp 00000000 08:01 18481245                   /usr/lib/x86_64-linux-gnu/gio/modules/libdconfsettings.so
7f34ca668000-7f34ca868000 ---p 0000b000 08:01 18481245                   /usr/lib/x86_64-linux-gnu/gio/modules/libdconfsettings.so
7f34ca868000-7f34ca869000 r--p 0000b000 08:01 18481245                   /usr/lib/x86_64-linux-gnu/gio/modules/libdconfsettings.so
7f34ca869000-7f34ca86a000 rw-p 0000c000 08:01 18481245                   /usr/lib/x86_64-linux-gnu/gio/modules/libdconfsettings.so
7f34ca86a000-7f34ca871000 r-xp 00000000 08:01 18096124                   /usr/lib/x86_64-linux-gnu/libogg.so.0.8.2
7f34ca871000-7f34caa71000 ---p 00007000 08:01 18096124                   /usr/lib/x86_64-linux-gnu/libogg.so.0.8.2
7f34caa71000-7f34caa72000 r--p 00007000 08:01 18096124                   /usr/lib/x86_64-linux-gnu/libogg.so.0.8.2
7f34caa72000-7f34caa73000 rw-p 00008000 08:01 18096124                   /usr/lib/x86_64-linux-gnu/libogg.so.0.8.2
7f34caa73000-7f34caa9e000 r-xp 00000000 08:01 18096141                   /usr/lib/x86_64-linux-gnu/libvorbis.so.0.4.7
7f34caa9e000-7f34cac9d000 ---p 0002b000 08:01 18096141                   /usr/lib/x86_64-linux-gnu/libvorbis.so.0.4.7
7f34cac9d000-7f34cac9e000 r--p 0002a000 08:01 18096141                   /usr/lib/x86_64-linux-gnu/libvorbis.so.0.4.7
7f34cac9e000-7f34cac9f000 rw-p 0002b000 08:01 18096141                   /usr/lib/x86_64-linux-gnu/libvorbis.so.0.4.7
7f34cac9f000-7f34caca8000 r-xp 00000000 08:01 18091503                   /usr/lib/x86_64-linux-gnu/libltdl.so.7.3.0
7f34caca8000-7f34caea7000 ---p 00009000 08:01 18091503                   /usr/lib/x86_64-linux-gnu/libltdl.so.7.3.0
7f34caea7000-7f34caea8000 r--p 00008000 08:01 18091503                   /usr/lib/x86_64-linux-gnu/libltdl.so.7.3.0
7f34caea8000-7f34caea9000 rw-p 00009000 08:01 18091503                   /usr/lib/x86_64-linux-gnu/libltdl.so.7.3.0
7f34caea9000-7f34caebd000 r-xp 00000000 08:01 18091488                   /usr/lib/x86_64-linux-gnu/libtdb.so.1.3.5
7f34caebd000-7f34cb0bc000 ---p 00014000 08:01 18091488                   /usr/lib/x86_64-linux-gnu/libtdb.so.1.3.5
7f34cb0bc000-7f34cb0bd000 r--p 00013000 08:01 18091488                   /usr/lib/x86_64-linux-gnu/libtdb.so.1.3.5
7f34cb0bd000-7f34cb0be000 rw-p 00014000 08:01 18091488                   /usr/lib/x86_64-linux-gnu/libtdb.so.1.3.5
7f34cb0be000-7f34cb0c5000 r-xp 00000000 08:01 18096137                   /usr/lib/x86_64-linux-gnu/libvorbisfile.so.3.3.6
7f34cb0c5000-7f34cb2c5000 ---p 00007000 08:01 18096137                   /usr/lib/x86_64-linux-gnu/libvorbisfile.so.3.3.6
7f34cb2c5000-7f34cb2c6000 r--p 00007000 08:01 18096137                   /usr/lib/x86_64-linux-gnu/libvorbisfile.so.3.3.6
7f34cb2c6000-7f34cb2c7000 rw-p 00008000 08:01 18096137                   /usr/lib/x86_64-linux-gnu/libvorbisfile.so.3.3.6
7f34cb2c7000-7f34cb2d7000 r-xp 00000000 08:01 18088491                   /usr/lib/x86_64-linux-gnu/libcanberra.so.0.2.5
7f34cb2d7000-7f34cb4d7000 ---p 00010000 08:01 18088491                   /usr/lib/x86_64-linux-gnu/libcanberra.so.0.2.5
7f34cb4d7000-7f34cb4d8000 r--p 00010000 08:01 18088491                   /usr/lib/x86_64-linux-gnu/libcanberra.so.0.2.5
7f34cb4d8000-7f34cb4d9000 rw-p 00011000 08:01 18088491                   /usr/lib/x86_64-linux-gnu/libcanberra.so.0.2.5
7f34cb4d9000-7f34cb4dd000 r-xp 00000000 08:01 18088583                   /usr/lib/x86_64-linux-gnu/libcanberra-gtk.so.0.1.9
7f34cb4dd000-7f34cb6dc000 ---p 00004000 08:01 18088583                   /usr/lib/x86_64-linux-gnu/libcanberra-gtk.so.0.1.9
7f34cb6dc000-7f34cb6dd000 r--p 00003000 08:01 18088583                   /usr/lib/x86_64-linux-gnu/libcanberra-gtk.so.0.1.9
7f34cb6dd000-7f34cb6de000 rw-p 00004000 08:01 18088583                   /usr/lib/x86_64-linux-gnu/libcanberra-gtk.so.0.1.9
7f34cb6de000-7f34cb6e3000 r-xp 00000000 08:01 18485009                   /usr/lib/x86_64-linux-gnu/gtk-2.0/modules/libcanberra-gtk-module.so
7f34cb6e3000-7f34cb8e2000 ---p 00005000 08:01 18485009                   /usr/lib/x86_64-linux-gnu/gtk-2.0/modules/libcanberra-gtk-module.so
7f34cb8e2000-7f34cb8e3000 r--p 00004000 08:01 18485009                   /usr/lib/x86_64-linux-gnu/gtk-2.0/modules/libcanberra-gtk-module.so
7f34cb8e3000-7f34cb8e4000 rw-p 00005000 08:01 18485009                   /usr/lib/x86_64-linux-gnu/gtk-2.0/modules/libcanberra-gtk-module.so
7f34cb8e4000-7f34cb913000 r-xp 00000000 08:01 18482592                   /usr/lib/x86_64-linux-gnu/gtk-2.0/2.10.0/engines/libmurrine.so
7f34cb913000-7f34cbb13000 ---p 0002f000 08:01 18482592                   /usr/lib/x86_64-linux-gnu/gtk-2.0/2.10.0/engines/libmurrine.so
7f34cbb13000-7f34cbb14000 r--p 0002f000 08:01 18482592                   /usr/lib/x86_64-linux-gnu/gtk-2.0/2.10.0/engines/libmurrine.so
7f34cbb14000-7f34cbb15000 rw-p 00030000 08:01 18482592                   /usr/lib/x86_64-linux-gnu/gtk-2.0/2.10.0/engines/libmurrine.so
7f34cbb15000-7f34cbb25000 r-xp 00000000 08:01 18089138                   /usr/lib/x86_64-linux-gnu/libunity-gtk2-parser.so.0.0.0
7f34cbb25000-7f34cbd25000 ---p 00010000 08:01 18089138                   /usr/lib/x86_64-linux-gnu/libunity-gtk2-parser.so.0.0.0
7f34cbd25000-7f34cbd26000 r--p 00010000 08:01 18089138                   /usr/lib/x86_64-linux-gnu/libunity-gtk2-parser.so.0.0.0
7f34cbd26000-7f34cbd27000 rw-p 00011000 08:01 18089138                   /usr/lib/x86_64-linux-gnu/libunity-gtk2-parser.so.0.0.0
7f34cbd27000-7f34cbd2c000 r-xp 00000000 08:01 18482106                   /usr/lib/x86_64-linux-gnu/gtk-2.0/modules/libunity-gtk-module.so
7f34cbd2c000-7f34cbf2b000 ---p 00005000 08:01 18482106                   /usr/lib/x86_64-linux-gnu/gtk-2.0/modules/libunity-gtk-module.so
7f34cbf2b000-7f34cbf2c000 r--p 00004000 08:01 18482106                   /usr/lib/x86_64-linux-gnu/gtk-2.0/modules/libunity-gtk-module.so
7f34cbf2c000-7f34cbf2d000 rw-p 00005000 08:01 18482106                   /usr/lib/x86_64-linux-gnu/gtk-2.0/modules/libunity-gtk-module.so
7f34cbf2d000-7f34cbf3e000 r-xp 00000000 08:01 18483457                   /usr/lib/x86_64-linux-gnu/gtk-2.0/modules/liboverlay-scrollbar.so
7f34cbf3e000-7f34cc13e000 ---p 00011000 08:01 18483457                   /usr/lib/x86_64-linux-gnu/gtk-2.0/modules/liboverlay-scrollbar.so
7f34cc13e000-7f34cc13f000 r--p 00011000 08:01 18483457                   /usr/lib/x86_64-linux-gnu/gtk-2.0/modules/liboverlay-scrollbar.so
7f34cc13f000-7f34cc140000 rw-p 00012000 08:01 18483457                   /usr/lib/x86_64-linux-gnu/gtk-2.0/modules/liboverlay-scrollbar.so
7f34cc140000-7f34cc146000 r-xp 00000000 08:01 18093010                   /usr/lib/x86_64-linux-gnu/libdatrie.so.1.3.2
7f34cc146000-7f34cc345000 ---p 00006000 08:01 18093010                   /usr/lib/x86_64-linux-gnu/libdatrie.so.1.3.2
7f34cc345000-7f34cc346000 r--p 00005000 08:01 18093010                   /usr/lib/x86_64-linux-gnu/libdatrie.so.1.3.2
7f34cc346000-7f34cc347000 rw-p 00006000 08:01 18093010                   /usr/lib/x86_64-linux-gnu/libdatrie.so.1.3.2
7f34cc347000-7f34cc361000 r-xp 00000000 08:01 18088250                   /usr/lib/x86_64-linux-gnu/libgraphite2.so.3.0.1
7f34cc361000-7f34cc560000 ---p 0001a000 08:01 18088250                   /usr/lib/x86_64-linux-gnu/libgraphite2.so.3.0.1
7f34cc560000-7f34cc562000 r--p 00019000 08:01 18088250                   /usr/lib/x86_64-linux-gnu/libgraphite2.so.3.0.1
7f34cc562000-7f34cc563000 rw-p 0001b000 08:01 18088250                   /usr/lib/x86_64-linux-gnu/libgraphite2.so.3.0.1
7f34cc563000-7f34cc56b000 r-xp 00000000 08:01 18091697                   /usr/lib/x86_64-linux-gnu/libthai.so.0.2.2
7f34cc56b000-7f34cc76a000 ---p 00008000 08:01 18091697                   /usr/lib/x86_64-linux-gnu/libthai.so.0.2.2
7f34cc76a000-7f34cc76b000 r--p 00007000 08:01 18091697                   /usr/lib/x86_64-linux-gnu/libthai.so.0.2.2
7f34cc76b000-7f34cc76c000 rw-p 00008000 08:01 18091697                   /usr/lib/x86_64-linux-gnu/libthai.so.0.2.2
7f34cc76c000-7f34cc7c8000 r-xp 00000000 08:01 18093860                   /usr/lib/x86_64-linux-gnu/libharfbuzz.so.0.10000.1
7f34cc7c8000-7f34cc9c8000 ---p 0005c000 08:01 18093860                   /usr/lib/x86_64-linux-gnu/libharfbuzz.so.0.10000.1
7f34cc9c8000-7f34cc9c9000 r--p 0005c000 08:01 18093860                   /usr/lib/x86_64-linux-gnu/libharfbuzz.so.0.10000.1
7f34cc9c9000-7f34cc9ca000 rw-p 0005d000 08:01 18093860                   /usr/lib/x86_64-linux-gnu/libharfbuzz.so.0.10000.1
7f34cc9ca000-7f34cca36000 r-xp 00000000 08:01 29360317                   /lib/x86_64-linux-gnu/libpcre.so.3.13.1
7f34cca36000-7f34ccc35000 ---p 0006c000 08:01 29360317                   /lib/x86_64-linux-gnu/libpcre.so.3.13.1
7f34ccc35000-7f34ccc36000 r--p 0006b000 08:01 29360317                   /lib/x86_64-linux-gnu/libpcre.so.3.13.1
7f34ccc36000-7f34ccc37000 rw-p 0006c000 08:01 29360317                   /lib/x86_64-linux-gnu/libpcre.so.3.13.1
7f34ccc37000-7f34ccc3e000 r-xp 00000000 08:01 18088422                   /usr/lib/x86_64-linux-gnu/libffi.so.6.0.4
7f34ccc3e000-7f34cce3d000 ---p 00007000 08:01 18088422                   /usr/lib/x86_64-linux-gnu/libffi.so.6.0.4
7f34cce3d000-7f34cce3e000 r--p 00006000 08:01 18088422                   /usr/lib/x86_64-linux-gnu/libffi.so.6.0.4
7f34cce3e000-7f34cce3f000 rw-p 00007000 08:01 18088422                   /usr/lib/x86_64-linux-gnu/libffi.so.6.0.4
7f34cce3f000-7f34cce56000 r-xp 00000000 08:01 29366643                   /lib/x86_64-linux-gnu/libresolv-2.21.so
7f34cce56000-7f34cd056000 ---p 00017000 08:01 29366643                   /lib/x86_64-linux-gnu/libresolv-2.21.so
7f34cd056000-7f34cd058000 r--p 00017000 08:01 29366643                   /lib/x86_64-linux-gnu/libresolv-2.21.so
7f34cd058000-7f34cd059000 rw-p 00019000 08:01 29366643                   /lib/x86_64-linux-gnu/libresolv-2.21.so
7f34cd059000-7f34cd05b000 rw-p 00000000 00:00 0 
7f34cd05b000-7f34cd07c000 r-xp 00000000 08:01 29360314                   /lib/x86_64-linux-gnu/libselinux.so.1
7f34cd07c000-7f34cd27b000 ---p 00021000 08:01 29360314                   /lib/x86_64-linux-gnu/libselinux.so.1
7f34cd27b000-7f34cd27c000 r--p 00020000 08:01 29360314                   /lib/x86_64-linux-gnu/libselinux.so.1
7f34cd27c000-7f34cd27d000 rw-p 00021000 08:01 29360314                   /lib/x86_64-linux-gnu/libselinux.so.1
7f34cd27d000-7f34cd27f000 rw-p 00000000 00:00 0 
7f34cd27f000-7f34cd287000 r-xp 00000000 08:01 18093632                   /usr/lib/x86_64-linux-gnu/libxcb-render.so.0.0.0
7f34cd287000-7f34cd487000 ---p 00008000 08:01 18093632                   /usr/lib/x86_64-linux-gnu/libxcb-render.so.0.0.0
7f34cd487000-7f34cd488000 r--p 00008000 08:01 18093632                   /usr/lib/x86_64-linux-gnu/libxcb-render.so.0.0.0
7f34cd488000-7f34cd489000 rw-p 00009000 08:01 18093632                   /usr/lib/x86_64-linux-gnu/libxcb-render.so.0.0.0
7f34cd489000-7f34cd48b000 r-xp 00000000 08:01 18093634                   /usr/lib/x86_64-linux-gnu/libxcb-shm.so.0.0.0
7f34cd48b000-7f34cd68b000 ---p 00002000 08:01 18093634                   /usr/lib/x86_64-linux-gnu/libxcb-shm.so.0.0.0
7f34cd68b000-7f34cd68c000 r--p 00002000 08:01 18093634                   /usr/lib/x86_64-linux-gnu/libxcb-shm.so.0.0.0
7f34cd68c000-7f34cd68d000 rw-p 00003000 08:01 18093634                   /usr/lib/x86_64-linux-gnu/libxcb-shm.so.0.0.0
7f34cd68d000-7f34cd6b2000 r-xp 00000000 08:01 29361472                   /lib/x86_64-linux-gnu/libpng12.so.0.51.0
7f34cd6b2000-7f34cd8b1000 ---p 00025000 08:01 29361472                   /lib/x86_64-linux-gnu/libpng12.so.0.51.0
7f34cd8b1000-7f34cd8b2000 r--p 00024000 08:01 29361472                   /lib/x86_64-linux-gnu/libpng12.so.0.51.0
7f34cd8b2000-7f34cd8b3000 rw-p 00025000 08:01 29361472                   /lib/x86_64-linux-gnu/libpng12.so.0.51.0
7f34cd8b3000-7f34cd953000 r-xp 00000000 08:01 18087956                   /usr/lib/x86_64-linux-gnu/libfreetype.so.6.11.1
7f34cd953000-7f34cdb52000 ---p 000a0000 08:01 18087956                   /usr/lib/x86_64-linux-gnu/libfreetype.so.6.11.1
7f34cdb52000-7f34cdb58000 r--p 0009f000 08:01 18087956                   /usr/lib/x86_64-linux-gnu/libfreetype.so.6.11.1
7f34cdb58000-7f34cdb59000 rw-p 000a5000 08:01 18087956                   /usr/lib/x86_64-linux-gnu/libfreetype.so.6.11.1
7f34cdb59000-7f34cdbfe000 r-xp 00000000 08:01 18091489                   /usr/lib/x86_64-linux-gnu/libpixman-1.so.0.32.6
7f34cdbfe000-7f34cddfd000 ---p 000a5000 08:01 18091489                   /usr/lib/x86_64-linux-gnu/libpixman-1.so.0.32.6
7f34cddfd000-7f34cde05000 r--p 000a4000 08:01 18091489                   /usr/lib/x86_64-linux-gnu/libpixman-1.so.0.32.6
7f34cde05000-7f34cde06000 rw-p 000ac000 08:01 18091489                   /usr/lib/x86_64-linux-gnu/libpixman-1.so.0.32.6
7f34cde06000-7f34cde08000 r-xp 00000000 08:01 18095672                   /usr/lib/x86_64-linux-gnu/libXcomposite.so.1.0.0
7f34cde08000-7f34ce007000 ---p 00002000 08:01 18095672                   /usr/lib/x86_64-linux-gnu/libXcomposite.so.1.0.0
7f34ce007000-7f34ce008000 r--p 00001000 08:01 18095672                   /usr/lib/x86_64-linux-gnu/libXcomposite.so.1.0.0
7f34ce008000-7f34ce009000 rw-p 00002000 08:01 18095672                   /usr/lib/x86_64-linux-gnu/libXcomposite.so.1.0.0
7f34ce009000-7f34ce012000 r-xp 00000000 08:01 18095674                   /usr/lib/x86_64-linux-gnu/libXcursor.so.1.0.2
7f34ce012000-7f34ce211000 ---p 00009000 08:01 18095674                   /usr/lib/x86_64-linux-gnu/libXcursor.so.1.0.2
7f34ce211000-7f34ce212000 r--p 00008000 08:01 18095674                   /usr/lib/x86_64-linux-gnu/libXcursor.so.1.0.2
7f34ce212000-7f34ce213000 rw-p 00009000 08:01 18095674                   /usr/lib/x86_64-linux-gnu/libXcursor.so.1.0.2
7f34ce213000-7f34ce21d000 r-xp 00000000 08:01 18092609                   /usr/lib/x86_64-linux-gnu/libXrandr.so.2.2.0
7f34ce21d000-7f34ce41c000 ---p 0000a000 08:01 18092609                   /usr/lib/x86_64-linux-gnu/libXrandr.so.2.2.0
7f34ce41c000-7f34ce41d000 r--p 00009000 08:01 18092609                   /usr/lib/x86_64-linux-gnu/libXrandr.so.2.2.0
7f34ce41d000-7f34ce41e000 rw-p 0000a000 08:01 18092609                   /usr/lib/x86_64-linux-gnu/libXrandr.so.2.2.0
7f34ce41e000-7f34ce420000 r-xp 00000000 08:01 18095690                   /usr/lib/x86_64-linux-gnu/libXinerama.so.1.0.0
7f34ce420000-7f34ce61f000 ---p 00002000 08:01 18095690                   /usr/lib/x86_64-linux-gnu/libXinerama.so.1.0.0
7f34ce61f000-7f34ce620000 r--p 00001000 08:01 18095690                   /usr/lib/x86_64-linux-gnu/libXinerama.so.1.0.0
7f34ce620000-7f34ce621000 rw-p 00002000 08:01 18095690                   /usr/lib/x86_64-linux-gnu/libXinerama.so.1.0.0
7f34ce621000-7f34ce65d000 r-xp 00000000 08:01 18088101                   /usr/lib/x86_64-linux-gnu/libfontconfig.so.1.8.0
7f34ce65d000-7f34ce85c000 ---p 0003c000 08:01 18088101                   /usr/lib/x86_64-linux-gnu/libfontconfig.so.1.8.0
7f34ce85c000-7f34ce85e000 r--p 0003b000 08:01 18088101                   /usr/lib/x86_64-linux-gnu/libfontconfig.so.1.8.0
7f34ce85e000-7f34ce85f000 rw-p 0003d000 08:01 18088101                   /usr/lib/x86_64-linux-gnu/libfontconfig.so.1.8.0
7f34ce85f000-7f34ce8aa000 r-xp 00000000 08:01 18089988                   /usr/lib/x86_64-linux-gnu/libpango-1.0.so.0.3600.8
7f34ce8aa000-7f34ceaaa000 ---p 0004b000 08:01 18089988                   /usr/lib/x86_64-linux-gnu/libpango-1.0.so.0.3600.8
7f34ceaaa000-7f34ceaac000 r--p 0004b000 08:01 18089988                   /usr/lib/x86_64-linux-gnu/libpango-1.0.so.0.3600.8
7f34ceaac000-7f34ceaad000 rw-p 0004d000 08:01 18089988                   /usr/lib/x86_64-linux-gnu/libpango-1.0.so.0.3600.8
7f34ceaad000-7f34ceac1000 r-xp 00000000 08:01 18089980                   /usr/lib/x86_64-linux-gnu/libpangoft2-1.0.so.0.3600.8
7f34ceac1000-7f34cecc1000 ---p 00014000 08:01 18089980                   /usr/lib/x86_64-linux-gnu/libpangoft2-1.0.so.0.3600.8
7f34cecc1000-7f34cecc2000 r--p 00014000 08:01 18089980                   /usr/lib/x86_64-linux-gnu/libpangoft2-1.0.so.0.3600.8
7f34cecc2000-7f34cecc3000 rw-p 00015000 08:01 18089980                   /usr/lib/x86_64-linux-gnu/libpangoft2-1.0.so.0.3600.8
7f34cecc3000-7f34cece5000 r-xp 00000000 08:01 18090017                   /usr/lib/x86_64-linux-gnu/libatk-1.0.so.0.21609.1
7f34cece5000-7f34ceee4000 ---p 00022000 08:01 18090017                   /usr/lib/x86_64-linux-gnu/libatk-1.0.so.0.21609.1
7f34ceee4000-7f34ceee7000 r--p 00021000 08:01 18090017                   /usr/lib/x86_64-linux-gnu/libatk-1.0.so.0.21609.1
7f34ceee7000-7f34ceee8000 rw-p 00024000 08:01 18090017                   /usr/lib/x86_64-linux-gnu/libatk-1.0.so.0.21609.1
7f34ceee8000-7f34ceef4000 r-xp 00000000 08:01 18089978                   /usr/lib/x86_64-linux-gnu/libpangocairo-1.0.so.0.3600.8
7f34ceef4000-7f34cf0f3000 ---p 0000c000 08:01 18089978                   /usr/lib/x86_64-linux-gnu/libpangocairo-1.0.so.0.3600.8
7f34cf0f3000-7f34cf0f4000 r--p 0000b000 08:01 18089978                   /usr/lib/x86_64-linux-gnu/libpangocairo-1.0.so.0.3600.8
7f34cf0f4000-7f34cf0f5000 rw-p 0000c000 08:01 18089978                   /usr/lib/x86_64-linux-gnu/libpangocairo-1.0.so.0.3600.8
7f34cf0f5000-7f34cf0f8000 r-xp 00000000 08:01 18089511                   /usr/lib/x86_64-linux-gnu/libgmodule-2.0.so.0.4600.1
7f34cf0f8000-7f34cf2f7000 ---p 00003000 08:01 18089511                   /usr/lib/x86_64-linux-gnu/libgmodule-2.0.so.0.4600.1
7f34cf2f7000-7f34cf2f8000 r--p 00002000 08:01 18089511                   /usr/lib/x86_64-linux-gnu/libgmodule-2.0.so.0.4600.1
7f34cf2f8000-7f34cf2f9000 rw-p 00003000 08:01 18089511                   /usr/lib/x86_64-linux-gnu/libgmodule-2.0.so.0.4600.1
7f34cf2f9000-7f34cf406000 r-xp 00000000 08:01 29361665                   /lib/x86_64-linux-gnu/libglib-2.0.so.0.4600.1
7f34cf406000-7f34cf605000 ---p 0010d000 08:01 29361665                   /lib/x86_64-linux-gnu/libglib-2.0.so.0.4600.1
7f34cf605000-7f34cf606000 r--p 0010c000 08:01 29361665                   /lib/x86_64-linux-gnu/libglib-2.0.so.0.4600.1
7f34cf606000-7f34cf607000 rw-p 0010d000 08:01 29361665                   /lib/x86_64-linux-gnu/libglib-2.0.so.0.4600.1
7f34cf607000-7f34cf608000 rw-p 00000000 00:00 0 
7f34cf608000-7f34cf609000 r-xp 00000000 08:01 18088829                   /usr/lib/x86_64-linux-gnu/libgthread-2.0.so.0.4600.1
7f34cf609000-7f34cf808000 ---p 00001000 08:01 18088829                   /usr/lib/x86_64-linux-gnu/libgthread-2.0.so.0.4600.1
7f34cf808000-7f34cf809000 r--p 00000000 08:01 18088829                   /usr/lib/x86_64-linux-gnu/libgthread-2.0.so.0.4600.1
7f34cf809000-7f34cf80a000 rw-p 00001000 08:01 18088829                   /usr/lib/x86_64-linux-gnu/libgthread-2.0.so.0.4600.1
7f34cf80a000-7f34cf85c000 r-xp 00000000 08:01 18089173                   /usr/lib/x86_64-linux-gnu/libgobject-2.0.so.0.4600.1
7f34cf85c000-7f34cfa5b000 ---p 00052000 08:01 18089173                   /usr/lib/x86_64-linux-gnu/libgobject-2.0.so.0.4600.1
7f34cfa5b000-7f34cfa5c000 r--p 00051000 08:01 18089173                   /usr/lib/x86_64-linux-gnu/libgobject-2.0.so.0.4600.1
7f34cfa5c000-7f34cfa5d000 rw-p 00052000 08:01 18089173                   /usr/lib/x86_64-linux-gnu/libgobject-2.0.so.0.4600.1
7f34cfa5d000-7f34cfbd7000 r-xp 00000000 08:01 18089510                   /usr/lib/x86_64-linux-gnu/libgio-2.0.so.0.4600.1
7f34cfbd7000-7f34cfdd6000 ---p 0017a000 08:01 18089510                   /usr/lib/x86_64-linux-gnu/libgio-2.0.so.0.4600.1
7f34cfdd6000-7f34cfdda000 r--p 00179000 08:01 18089510                   /usr/lib/x86_64-linux-gnu/libgio-2.0.so.0.4600.1
7f34cfdda000-7f34cfddc000 rw-p 0017d000 08:01 18089510                   /usr/lib/x86_64-linux-gnu/libgio-2.0.so.0.4600.1
7f34cfddc000-7f34cfdde000 rw-p 00000000 00:00 0 
7f34cfdde000-7f34cfdff000 r-xp 00000000 08:01 18089875                   /usr/lib/x86_64-linux-gnu/libgdk_pixbuf-2.0.so.0.3200.1
7f34cfdff000-7f34cfffe000 ---p 00021000 08:01 18089875                   /usr/lib/x86_64-linux-gnu/libgdk_pixbuf-2.0.so.0.3200.1
7f34cfffe000-7f34cffff000 r--p 00020000 08:01 18089875                   /usr/lib/x86_64-linux-gnu/libgdk_pixbuf-2.0.so.0.3200.1
7f34cffff000-7f34d0000000 rw-p 00021000 08:01 18089875                   /usr/lib/x86_64-linux-gnu/libgdk_pixbuf-2.0.so.0.3200.1
7f34d0000000-7f34d16b5000 rw-p 00000000 00:00 0 
7f34d16b5000-7f34d4000000 ---p 00000000 00:00 0 
7f34d4004000-7f34d4017000 r--s 00346000 08:01 18092054                   /usr/lib/jvm/java-8-openjdk-amd64/jre/lib/resources.jar
7f34d4017000-7f34d4125000 r-xp 00000000 08:01 18092342                   /usr/lib/x86_64-linux-gnu/libcairo.so.2.11400.2
7f34d4125000-7f34d4324000 ---p 0010e000 08:01 18092342                   /usr/lib/x86_64-linux-gnu/libcairo.so.2.11400.2
7f34d4324000-7f34d4327000 r--p 0010d000 08:01 18092342                   /usr/lib/x86_64-linux-gnu/libcairo.so.2.11400.2
7f34d4327000-7f34d4328000 rw-p 00110000 08:01 18092342                   /usr/lib/x86_64-linux-gnu/libcairo.so.2.11400.2
7f34d4328000-7f34d432a000 rw-p 00000000 00:00 0 
7f34d432a000-7f34d43da000 r-xp 00000000 08:01 18092613                   /usr/lib/x86_64-linux-gnu/libgdk-x11-2.0.so.0.2400.28
7f34d43da000-7f34d45d9000 ---p 000b0000 08:01 18092613                   /usr/lib/x86_64-linux-gnu/libgdk-x11-2.0.so.0.2400.28
7f34d45d9000-7f34d45dd000 r--p 000af000 08:01 18092613                   /usr/lib/x86_64-linux-gnu/libgdk-x11-2.0.so.0.2400.28
7f34d45dd000-7f34d45df000 rw-p 000b3000 08:01 18092613                   /usr/lib/x86_64-linux-gnu/libgdk-x11-2.0.so.0.2400.28
7f34d45df000-7f34d4a1d000 r-xp 00000000 08:01 18087963                   /usr/lib/x86_64-linux-gnu/libgtk-x11-2.0.so.0.2400.28
7f34d4a1d000-7f34d4c1d000 ---p 0043e000 08:01 18087963                   /usr/lib/x86_64-linux-gnu/libgtk-x11-2.0.so.0.2400.28
7f34d4c1d000-7f34d4c24000 r--p 0043e000 08:01 18087963                   /usr/lib/x86_64-linux-gnu/libgtk-x11-2.0.so.0.2400.28
7f34d4c24000-7f34d4c28000 rw-p 00445000 08:01 18087963                   /usr/lib/x86_64-linux-gnu/libgtk-x11-2.0.so.0.2400.28
7f34d4c28000-7f34d4c2b000 rw-p 00000000 00:00 0 
7f34d4c2b000-7f34d4c53000 r-xp 00000000 08:01 18093526                   /usr/lib/jvm/java-8-openjdk-amd64/jre/lib/amd64/libglass.so
7f34d4c53000-7f34d4e53000 ---p 00028000 08:01 18093526                   /usr/lib/jvm/java-8-openjdk-amd64/jre/lib/amd64/libglass.so
7f34d4e53000-7f34d4e54000 r--p 00028000 08:01 18093526                   /usr/lib/jvm/java-8-openjdk-amd64/jre/lib/amd64/libglass.so
7f34d4e54000-7f34d4e55000 rw-p 00029000 08:01 18093526                   /usr/lib/jvm/java-8-openjdk-amd64/jre/lib/amd64/libglass.so
7f34d4e55000-7f34d4e8c000 r-xp 00000000 08:01 18096615                   /usr/lib/x86_64-linux-gnu/libtxc_dxtn_s2tc.so.0.0.0
7f34d4e8c000-7f34d508b000 ---p 00037000 08:01 18096615                   /usr/lib/x86_64-linux-gnu/libtxc_dxtn_s2tc.so.0.0.0
7f34d508b000-7f34d508c000 r--p 00036000 08:01 18096615                   /usr/lib/x86_64-linux-gnu/libtxc_dxtn_s2tc.so.0.0.0
7f34d508c000-7f34d508d000 rw-p 00037000 08:01 18096615                   /usr/lib/x86_64-linux-gnu/libtxc_dxtn_s2tc.so.0.0.0
7f34d508d000-7f34d5095000 r-xp 00000000 08:01 18088226                   /usr/lib/x86_64-linux-gnu/libpciaccess.so.0.11.1
7f34d5095000-7f34d5295000 ---p 00008000 08:01 18088226                   /usr/lib/x86_64-linux-gnu/libpciaccess.so.0.11.1
7f34d5295000-7f34d5296000 r--p 00008000 08:01 18088226                   /usr/lib/x86_64-linux-gnu/libpciaccess.so.0.11.1
7f34d5296000-7f34d5297000 rw-p 00009000 08:01 18088226                   /usr/lib/x86_64-linux-gnu/libpciaccess.so.0.11.1
7f34d5297000-7f34d52a2000 r-xp 00000000 08:01 18091107                   /usr/lib/x86_64-linux-gnu/libdrm_radeon.so.1.0.1
7f34d52a2000-7f34d54a1000 ---p 0000b000 08:01 18091107                   /usr/lib/x86_64-linux-gnu/libdrm_radeon.so.1.0.1
7f34d54a1000-7f34d54a2000 r--p 0000a000 08:01 18091107                   /usr/lib/x86_64-linux-gnu/libdrm_radeon.so.1.0.1
7f34d54a2000-7f34d54a3000 rw-p 0000b000 08:01 18091107                   /usr/lib/x86_64-linux-gnu/libdrm_radeon.so.1.0.1
7f34d54a3000-7f34d54a9000 r-xp 00000000 08:01 18096732                   /usr/lib/x86_64-linux-gnu/libdrm_nouveau.so.2.0.0
7f34d54a9000-7f34d56a8000 ---p 00006000 08:01 18096732                   /usr/lib/x86_64-linux-gnu/libdrm_nouveau.so.2.0.0
7f34d56a8000-7f34d56a9000 r--p 00005000 08:01 18096732                   /usr/lib/x86_64-linux-gnu/libdrm_nouveau.so.2.0.0
7f34d56a9000-7f34d56aa000 rw-p 00006000 08:01 18096732                   /usr/lib/x86_64-linux-gnu/libdrm_nouveau.so.2.0.0
7f34d56aa000-7f34d56ca000 r-xp 00000000 08:01 18093218                   /usr/lib/x86_64-linux-gnu/libdrm_intel.so.1.0.0
7f34d56ca000-7f34d58c9000 ---p 00020000 08:01 18093218                   /usr/lib/x86_64-linux-gnu/libdrm_intel.so.1.0.0
7f34d58c9000-7f34d58ca000 r--p 0001f000 08:01 18093218                   /usr/lib/x86_64-linux-gnu/libdrm_intel.so.1.0.0
7f34d58ca000-7f34d58cb000 rw-p 00020000 08:01 18093218                   /usr/lib/x86_64-linux-gnu/libdrm_intel.so.1.0.0
7f34d58cb000-7f34d5e7d000 r-xp 00000000 08:01 18481339                   /usr/lib/x86_64-linux-gnu/dri/i965_dri.so
7f34d5e7d000-7f34d607c000 ---p 005b2000 08:01 18481339                   /usr/lib/x86_64-linux-gnu/dri/i965_dri.so
7f34d607c000-7f34d60a9000 r--p 005b1000 08:01 18481339                   /usr/lib/x86_64-linux-gnu/dri/i965_dri.so
7f34d60a9000-7f34d60af000 rw-p 005de000 08:01 18481339                   /usr/lib/x86_64-linux-gnu/dri/i965_dri.so
7f34d60af000-7f34d60b7000 rw-p 00000000 00:00 0 
7f34d60b7000-7f34d60c4000 r-xp 00000000 08:01 18094166                   /usr/lib/x86_64-linux-gnu/libdrm.so.2.4.0
7f34d60c4000-7f34d62c3000 ---p 0000d000 08:01 18094166                   /usr/lib/x86_64-linux-gnu/libdrm.so.2.4.0
7f34d62c3000-7f34d62c4000 r--p 0000c000 08:01 18094166                   /usr/lib/x86_64-linux-gnu/libdrm.so.2.4.0
7f34d62c4000-7f34d62c5000 rw-p 0000d000 08:01 18094166                   /usr/lib/x86_64-linux-gnu/libdrm.so.2.4.0
7f34d62c5000-7f34d62ca000 r-xp 00000000 08:01 18091496                   /usr/lib/x86_64-linux-gnu/libXxf86vm.so.1.0.0
7f34d62ca000-7f34d64c9000 ---p 00005000 08:01 18091496                   /usr/lib/x86_64-linux-gnu/libXxf86vm.so.1.0.0
7f34d64c9000-7f34d64ca000 r--p 00004000 08:01 18091496                   /usr/lib/x86_64-linux-gnu/libXxf86vm.so.1.0.0
7f34d64ca000-7f34d64cb000 rw-p 00005000 08:01 18091496                   /usr/lib/x86_64-linux-gnu/libXxf86vm.so.1.0.0
7f34d64cb000-7f34d64cc000 r-xp 00000000 08:01 18092576                   /usr/lib/x86_64-linux-gnu/libxshmfence.so.1.0.0
7f34d64cc000-7f34d66cc000 ---p 00001000 08:01 18092576                   /usr/lib/x86_64-linux-gnu/libxshmfence.so.1.0.0
7f34d66cc000-7f34d66cd000 r--p 00001000 08:01 18092576                   /usr/lib/x86_64-linux-gnu/libxshmfence.so.1.0.0
7f34d66cd000-7f34d66ce000 rw-p 00002000 08:01 18092576                   /usr/lib/x86_64-linux-gnu/libxshmfence.so.1.0.0
7f34d66ce000-7f34d66d3000 r-xp 00000000 08:01 18092517                   /usr/lib/x86_64-linux-gnu/libxcb-sync.so.1.0.0
7f34d66d3000-7f34d68d3000 ---p 00005000 08:01 18092517                   /usr/lib/x86_64-linux-gnu/libxcb-sync.so.1.0.0
7f34d68d3000-7f34d68d4000 r--p 00005000 08:01 18092517                   /usr/lib/x86_64-linux-gnu/libxcb-sync.so.1.0.0
7f34d68d4000-7f34d68d5000 rw-p 00006000 08:01 18092517                   /usr/lib/x86_64-linux-gnu/libxcb-sync.so.1.0.0
7f34d68d5000-7f34d68d7000 r-xp 00000000 08:01 18092433                   /usr/lib/x86_64-linux-gnu/libxcb-present.so.0.0.0
7f34d68d7000-7f34d6ad6000 ---p 00002000 08:01 18092433                   /usr/lib/x86_64-linux-gnu/libxcb-present.so.0.0.0
7f34d6ad6000-7f34d6ad7000 r--p 00001000 08:01 18092433                   /usr/lib/x86_64-linux-gnu/libxcb-present.so.0.0.0
7f34d6ad7000-7f34d6ad8000 rw-p 00002000 08:01 18092433                   /usr/lib/x86_64-linux-gnu/libxcb-present.so.0.0.0
7f34d6ad8000-7f34d6ada000 r-xp 00000000 08:01 18092380                   /usr/lib/x86_64-linux-gnu/libxcb-dri3.so.0.0.0
7f34d6ada000-7f34d6cd9000 ---p 00002000 08:01 18092380                   /usr/lib/x86_64-linux-gnu/libxcb-dri3.so.0.0.0
7f34d6cd9000-7f34d6cda000 r--p 00001000 08:01 18092380                   /usr/lib/x86_64-linux-gnu/libxcb-dri3.so.0.0.0
7f34d6cda000-7f34d6cdb000 rw-p 00002000 08:01 18092380                   /usr/lib/x86_64-linux-gnu/libxcb-dri3.so.0.0.0
7f34d6cdb000-7f34d6cdf000 r-xp 00000000 08:01 18092122                   /usr/lib/x86_64-linux-gnu/libxcb-dri2.so.0.0.0
7f34d6cdf000-7f34d6ede000 ---p 00004000 08:01 18092122                   /usr/lib/x86_64-linux-gnu/libxcb-dri2.so.0.0.0
7f34d6ede000-7f34d6edf000 r--p 00003000 08:01 18092122                   /usr/lib/x86_64-linux-gnu/libxcb-dri2.so.0.0.0
7f34d6edf000-7f34d6ee0000 rw-p 00004000 08:01 18092122                   /usr/lib/x86_64-linux-gnu/libxcb-dri2.so.0.0.0
7f34d6ee0000-7f34d6ef7000 r-xp 00000000 08:01 18092404                   /usr/lib/x86_64-linux-gnu/libxcb-glx.so.0.0.0
7f34d6ef7000-7f34d70f6000 ---p 00017000 08:01 18092404                   /usr/lib/x86_64-linux-gnu/libxcb-glx.so.0.0.0
7f34d70f6000-7f34d70f8000 r--p 00016000 08:01 18092404                   /usr/lib/x86_64-linux-gnu/libxcb-glx.so.0.0.0
7f34d70f8000-7f34d70f9000 rw-p 00018000 08:01 18092404                   /usr/lib/x86_64-linux-gnu/libxcb-glx.so.0.0.0
7f34d70f9000-7f34d70fa000 r-xp 00000000 08:01 18089675                   /usr/lib/x86_64-linux-gnu/libX11-xcb.so.1.0.0
7f34d70fa000-7f34d72f9000 ---p 00001000 08:01 18089675                   /usr/lib/x86_64-linux-gnu/libX11-xcb.so.1.0.0
7f34d72f9000-7f34d72fa000 r--p 00000000 08:01 18089675                   /usr/lib/x86_64-linux-gnu/libX11-xcb.so.1.0.0
7f34d72fa000-7f34d72fb000 rw-p 00001000 08:01 18089675                   /usr/lib/x86_64-linux-gnu/libX11-xcb.so.1.0.0
7f34d72fb000-7f34d7300000 r-xp 00000000 08:01 18094883                   /usr/lib/x86_64-linux-gnu/libXfixes.so.3.1.0
7f34d7300000-7f34d74ff000 ---p 00005000 08:01 18094883                   /usr/lib/x86_64-linux-gnu/libXfixes.so.3.1.0
7f34d74ff000-7f34d7500000 r--p 00004000 08:01 18094883                   /usr/lib/x86_64-linux-gnu/libXfixes.so.3.1.0
7f34d7500000-7f34d7501000 rw-p 00005000 08:01 18094883                   /usr/lib/x86_64-linux-gnu/libXfixes.so.3.1.0
7f34d7501000-7f34d7503000 r-xp 00000000 08:01 18094873                   /usr/lib/x86_64-linux-gnu/libXdamage.so.1.1.0
7f34d7503000-7f34d7702000 ---p 00002000 08:01 18094873                   /usr/lib/x86_64-linux-gnu/libXdamage.so.1.1.0
7f34d7702000-7f34d7703000 r--p 00001000 08:01 18094873                   /usr/lib/x86_64-linux-gnu/libXdamage.so.1.1.0
7f34d7703000-7f34d7704000 rw-p 00002000 08:01 18094873                   /usr/lib/x86_64-linux-gnu/libXdamage.so.1.1.0
7f34d7704000-7f34d772d000 r-xp 00000000 08:01 18088321                   /usr/lib/x86_64-linux-gnu/libglapi.so.0.0.0
7f34d772d000-7f34d792c000 ---p 00029000 08:01 18088321                   /usr/lib/x86_64-linux-gnu/libglapi.so.0.0.0
7f34d792c000-7f34d7930000 r--p 00028000 08:01 18088321                   /usr/lib/x86_64-linux-gnu/libglapi.so.0.0.0
7f34d7930000-7f34d7931000 rw-p 0002c000 08:01 18088321                   /usr/lib/x86_64-linux-gnu/libglapi.so.0.0.0
7f34d7931000-7f34d7932000 rw-p 00000000 00:00 0 
7f34d7932000-7f34d7958000 r-xp 00000000 08:01 29365332                   /lib/x86_64-linux-gnu/libexpat.so.1.6.0
7f34d7958000-7f34d7b58000 ---p 00026000 08:01 29365332                   /lib/x86_64-linux-gnu/libexpat.so.1.6.0
7f34d7b58000-7f34d7b5a000 r--p 00026000 08:01 29365332                   /lib/x86_64-linux-gnu/libexpat.so.1.6.0
7f34d7b5a000-7f34d7b5b000 rw-p 00028000 08:01 29365332                   /lib/x86_64-linux-gnu/libexpat.so.1.6.0
7f34d7b5b000-7f34d7bef000 r-xp 00000000 08:01 18484621                   /usr/lib/x86_64-linux-gnu/mesa/libGL.so.1.2.0
7f34d7bef000-7f34d7dee000 ---p 00094000 08:01 18484621                   /usr/lib/x86_64-linux-gnu/mesa/libGL.so.1.2.0
7f34d7dee000-7f34d7df1000 r--p 00093000 08:01 18484621                   /usr/lib/x86_64-linux-gnu/mesa/libGL.so.1.2.0
7f34d7df1000-7f34d7df2000 rw-p 00096000 08:01 18484621                   /usr/lib/x86_64-linux-gnu/mesa/libGL.so.1.2.0
7f34d7df2000-7f34d7df3000 rw-p 00000000 00:00 0 
7f34d7df3000-7f34d7dff000 r-xp 00000000 08:01 18092354                   /usr/lib/jvm/java-8-openjdk-amd64/jre/lib/amd64/libprism_es2.so
7f34d7dff000-7f34d7ffe000 ---p 0000c000 08:01 18092354                   /usr/lib/jvm/java-8-openjdk-amd64/jre/lib/amd64/libprism_es2.so
7f34d7ffe000-7f34d7fff000 r--p 0000b000 08:01 18092354                   /usr/lib/jvm/java-8-openjdk-amd64/jre/lib/amd64/libprism_es2.so
7f34d7fff000-7f34d8000000 rw-p 0000c000 08:01 18092354                   /usr/lib/jvm/java-8-openjdk-amd64/jre/lib/amd64/libprism_es2.so
7f34d8000000-7f34d8021000 rw-p 00000000 00:00 0 
7f34d8021000-7f34dc000000 ---p 00000000 00:00 0 
7f34dc000000-7f34dc021000 rw-p 00000000 00:00 0 
7f34dc021000-7f34e0000000 ---p 00000000 00:00 0 
7f34e0000000-7f34e02c3000 rw-p 00000000 00:00 0 
7f34e02c3000-7f34e4000000 ---p 00000000 00:00 0 
7f34e4000000-7f34e41ec000 rw-p 00000000 00:00 0 
7f34e41ec000-7f34e8000000 ---p 00000000 00:00 0 
7f34e8000000-7f34e8021000 rw-p 00000000 00:00 0 
7f34e8021000-7f34ec000000 ---p 00000000 00:00 0 
7f34ec000000-7f34ec23b000 rw-p 00000000 00:00 0 
7f34ec23b000-7f34f0000000 ---p 00000000 00:00 0 
7f34f0000000-7f34f0021000 rw-p 00000000 00:00 0 
7f34f0021000-7f34f4000000 ---p 00000000 00:00 0 
7f34f4000000-7f34f4021000 rw-p 00000000 00:00 0 
7f34f4021000-7f34f8000000 ---p 00000000 00:00 0 
7f34f8000000-7f34f8021000 rw-p 00000000 00:00 0 
7f34f8021000-7f34fc000000 ---p 00000000 00:00 0 
7f34fc000000-7f34fc001000 rw-p 00000000 00:00 0 
7f34fc001000-7f34fc002000 rwxp 00000000 00:00 0 
7f34fc002000-7f34fc005000 r--p 00000000 08:01 19799399                   /usr/share/locale-langpack/es/LC_MESSAGES/atk10.mo
7f34fc005000-7f34fc00a000 r--s 00096000 08:01 18092029                   /usr/lib/jvm/java-8-openjdk-amd64/jre/lib/jsse.jar
7f34fc00a000-7f34fc00d000 ---p 00000000 00:00 0 
7f34fc00d000-7f34fc10b000 rw-p 00000000 00:00 0                          [stack:12959]
7f34fc10b000-7f34fc150000 r--p 00000000 08:01 19139812                   /usr/share/glib-2.0/schemas/gschemas.compiled
7f34fc150000-7f34fc169000 r--p 00000000 08:01 19799926                   /usr/share/locale-langpack/es/LC_MESSAGES/glib20.mo
7f34fc169000-7f34fc193000 r--p 00000000 08:01 19798658                   /usr/share/locale-langpack/es/LC_MESSAGES/gtk20-properties.mo
7f34fc193000-7f34fc1b0000 r-xp 00000000 08:01 29361575                   /lib/x86_64-linux-gnu/libudev.so.1.6.4
7f34fc1b0000-7f34fc1b1000 r--p 0001c000 08:01 29361575                   /lib/x86_64-linux-gnu/libudev.so.1.6.4
7f34fc1b1000-7f34fc1b2000 rw-p 0001d000 08:01 29361575                   /lib/x86_64-linux-gnu/libudev.so.1.6.4
7f34fc1b2000-7f34fc1b4000 r--s 0000c000 00:2a 8915266                    /home/rgarcia/.gradle/caches/modules-2/files-2.1/org.zeroturnaround/zt-zip/1.7/52983a1e616539d10745172bde35db768e76b685/zt-zip-1.7.jar
7f34fc1b4000-7f34fc1bc000 rw-s 00000000 00:05 287652                     /drm mm object (deleted)
7f34fc1bc000-7f34fc1c4000 rw-s 00000000 00:05 287644                     /drm mm object (deleted)
7f34fc1c4000-7f34fc1d3000 r--p 00000000 08:01 19799305                   /usr/share/locale-langpack/es/LC_MESSAGES/gtk20.mo
7f34fc1d3000-7f34fc1d6000 ---p 00000000 00:00 0 
7f34fc1d6000-7f34fc2d4000 rw-p 00000000 00:00 0                          [stack:12955]
7f34fc2d4000-7f34fc2fa000 r--p 00000000 08:01 19799685                   /usr/share/locale-langpack/es/LC_MESSAGES/libc.mo
7f34fc2fa000-7f34fc2ff000 r-xp 00000000 08:01 18090145                   /usr/lib/x86_64-linux-gnu/libXdmcp.so.6.0.0
7f34fc2ff000-7f34fc4fe000 ---p 00005000 08:01 18090145                   /usr/lib/x86_64-linux-gnu/libXdmcp.so.6.0.0
7f34fc4fe000-7f34fc4ff000 r--p 00004000 08:01 18090145                   /usr/lib/x86_64-linux-gnu/libXdmcp.so.6.0.0
7f34fc4ff000-7f34fc500000 rw-p 00005000 08:01 18090145                   /usr/lib/x86_64-linux-gnu/libXdmcp.so.6.0.0
7f34fc500000-7f34fc502000 r-xp 00000000 08:01 18095667                   /usr/lib/x86_64-linux-gnu/libXau.so.6.0.0
7f34fc502000-7f34fc702000 ---p 00002000 08:01 18095667                   /usr/lib/x86_64-linux-gnu/libXau.so.6.0.0
7f34fc702000-7f34fc703000 r--p 00002000 08:01 18095667                   /usr/lib/x86_64-linux-gnu/libXau.so.6.0.0
7f34fc703000-7f34fc704000 rw-p 00003000 08:01 18095667                   /usr/lib/x86_64-linux-gnu/libXau.so.6.0.0
7f34fc704000-7f34fc724000 r-xp 00000000 08:01 18097666                   /usr/lib/x86_64-linux-gnu/libxcb.so.1.1.0
7f34fc724000-7f34fc923000 ---p 00020000 08:01 18097666                   /usr/lib/x86_64-linux-gnu/libxcb.so.1.1.0
7f34fc923000-7f34fc924000 r--p 0001f000 08:01 18097666                   /usr/lib/x86_64-linux-gnu/libxcb.so.1.1.0
7f34fc924000-7f34fc925000 rw-p 00020000 08:01 18097666                   /usr/lib/x86_64-linux-gnu/libxcb.so.1.1.0
7f34fc925000-7f34fc934000 r-xp 00000000 08:01 18090183                   /usr/lib/x86_64-linux-gnu/libXi.so.6.1.0
7f34fc934000-7f34fcb33000 ---p 0000f000 08:01 18090183                   /usr/lib/x86_64-linux-gnu/libXi.so.6.1.0
7f34fcb33000-7f34fcb34000 r--p 0000e000 08:01 18090183                   /usr/lib/x86_64-linux-gnu/libXi.so.6.1.0
7f34fcb34000-7f34fcb35000 rw-p 0000f000 08:01 18090183                   /usr/lib/x86_64-linux-gnu/libXi.so.6.1.0
7f34fcb35000-7f34fcb3a000 r-xp 00000000 08:01 18095708                   /usr/lib/x86_64-linux-gnu/libXtst.so.6.1.0
7f34fcb3a000-7f34fcd39000 ---p 00005000 08:01 18095708                   /usr/lib/x86_64-linux-gnu/libXtst.so.6.1.0
7f34fcd39000-7f34fcd3a000 r--p 00004000 08:01 18095708                   /usr/lib/x86_64-linux-gnu/libXtst.so.6.1.0
7f34fcd3a000-7f34fcd3b000 rw-p 00005000 08:01 18095708                   /usr/lib/x86_64-linux-gnu/libXtst.so.6.1.0
7f34fcd3b000-7f34fcd44000 r-xp 00000000 08:01 18093636                   /usr/lib/x86_64-linux-gnu/libXrender.so.1.3.0
7f34fcd44000-7f34fcf43000 ---p 00009000 08:01 18093636                   /usr/lib/x86_64-linux-gnu/libXrender.so.1.3.0
7f34fcf43000-7f34fcf44000 r--p 00008000 08:01 18093636                   /usr/lib/x86_64-linux-gnu/libXrender.so.1.3.0
7f34fcf44000-7f34fcf45000 rw-p 00009000 08:01 18093636                   /usr/lib/x86_64-linux-gnu/libXrender.so.1.3.0
7f34fcf45000-7f34fd07a000 r-xp 00000000 08:01 18093630                   /usr/lib/x86_64-linux-gnu/libX11.so.6.3.0
7f34fd07a000-7f34fd27a000 ---p 00135000 08:01 18093630                   /usr/lib/x86_64-linux-gnu/libX11.so.6.3.0
7f34fd27a000-7f34fd27b000 r--p 00135000 08:01 18093630                   /usr/lib/x86_64-linux-gnu/libX11.so.6.3.0
7f34fd27b000-7f34fd27f000 rw-p 00136000 08:01 18093630                   /usr/lib/x86_64-linux-gnu/libX11.so.6.3.0
7f34fd27f000-7f34fd290000 r-xp 00000000 08:01 18092402                   /usr/lib/x86_64-linux-gnu/libXext.so.6.4.0
7f34fd290000-7f34fd48f000 ---p 00011000 08:01 18092402                   /usr/lib/x86_64-linux-gnu/libXext.so.6.4.0
7f34fd48f000-7f34fd490000 r--p 00010000 08:01 18092402                   /usr/lib/x86_64-linux-gnu/libXext.so.6.4.0
7f34fd490000-7f34fd491000 rw-p 00011000 08:01 18092402                   /usr/lib/x86_64-linux-gnu/libXext.so.6.4.0
7f34fd491000-7f34fd492000 rw-s 100985000 00:06 363                       /dev/dri/card0
7f34fd492000-7f34fd494000 r--s 00005000 00:2a 8915264                    /home/rgarcia/.gradle/caches/modules-2/files-2.1/org.slf4j/slf4j-api/1.6.6/ce53b0a0e2cfbb27e8a59d38f79a18a5c6a8d2b0/slf4j-api-1.6.6.jar
7f34fd494000-7f34fd49b000 r--p 00000000 00:2a 4226982                    /home/rgarcia/.config/dconf/user
7f34fd49b000-7f34fd4a3000 rw-s 00000000 00:05 287947                     /drm mm object (deleted)
7f34fd4a3000-7f34fd4ab000 rw-s 00000000 00:05 287943                     /drm mm object (deleted)
7f34fd4ab000-7f34fd4b2000 r--s 00000000 08:01 18490220                   /usr/lib/x86_64-linux-gnu/gconv/gconv-modules.cache
7f34fd4b2000-7f34fd509000 r-xp 00000000 08:01 18091645                   /usr/lib/jvm/java-8-openjdk-amd64/jre/lib/amd64/libawt_xawt.so
7f34fd509000-7f34fd708000 ---p 00057000 08:01 18091645                   /usr/lib/jvm/java-8-openjdk-amd64/jre/lib/amd64/libawt_xawt.so
7f34fd708000-7f34fd709000 r--p 00056000 08:01 18091645                   /usr/lib/jvm/java-8-openjdk-amd64/jre/lib/amd64/libawt_xawt.so
7f34fd709000-7f34fd70c000 rw-p 00057000 08:01 18091645                   /usr/lib/jvm/java-8-openjdk-amd64/jre/lib/amd64/libawt_xawt.so
7f34fd70c000-7f34fd70d000 rw-p 00000000 00:00 0 
7f34fd70d000-7f34fd7ac000 r-xp 00000000 08:01 18091715                   /usr/lib/jvm/java-8-openjdk-amd64/jre/lib/amd64/libawt.so
7f34fd7ac000-7f34fd9ab000 ---p 0009f000 08:01 18091715                   /usr/lib/jvm/java-8-openjdk-amd64/jre/lib/amd64/libawt.so
7f34fd9ab000-7f34fd9ac000 r--p 0009e000 08:01 18091715                   /usr/lib/jvm/java-8-openjdk-amd64/jre/lib/amd64/libawt.so
7f34fd9ac000-7f34fd9b7000 rw-p 0009f000 08:01 18091715                   /usr/lib/jvm/java-8-openjdk-amd64/jre/lib/amd64/libawt.so
7f34fd9b7000-7f34fd9dc000 rw-p 00000000 00:00 0 
7f34fd9dc000-7f34fd9f7000 r--s 001a5000 00:2a 12063668                   /home/rgarcia/.gradle/caches/modules-2/files-2.1/com.badlogicgames.gdx/gdx/1.8.0/8aaf0d40f211e94051538d28b06996a6cc5ed2af/gdx-1.8.0.jar
7f34fd9f7000-7f34fda8d000 r--s 008d7000 08:01 18486641                   /usr/share/java/openjfx/jre/lib/ext/jfxrt.jar
7f34fda8d000-7f34fdaa9000 r--s 00393000 08:01 18091483                   /usr/lib/jvm/java-8-openjdk-amd64/jre/lib/ext/cldrdata.jar
7f34fdaa9000-7f34fdaaa000 ---p 00000000 00:00 0 
7f34fdaaa000-7f34fdbaa000 rw-p 00000000 00:00 0                          [stack:12954]
7f34fdbaa000-7f34fdbad000 ---p 00000000 00:00 0 
7f34fdbad000-7f34fdcab000 rw-p 00000000 00:00 0                          [stack:12953]
7f34fdcab000-7f34fdcae000 ---p 00000000 00:00 0 
7f34fdcae000-7f34fddac000 rw-p 00000000 00:00 0                          [stack:12952]
7f34fddac000-7f34fddaf000 ---p 00000000 00:00 0 
7f34fddaf000-7f34fdead000 rw-p 00000000 00:00 0                          [stack:12951]
7f34fdead000-7f34fdeb0000 ---p 00000000 00:00 0 
7f34fdeb0000-7f34fdfae000 rw-p 00000000 00:00 0                          [stack:12950]
7f34fdfae000-7f34fdfb1000 ---p 00000000 00:00 0 
7f34fdfb1000-7f34fe0af000 rw-p 00000000 00:00 0                          [stack:12949]
7f34fe0af000-7f34fe5ee000 r--p 00000000 08:01 18090896                   /usr/lib/locale/locale-archive
7f34fe5ee000-7f34fe5f1000 ---p 00000000 00:00 0 
7f34fe5f1000-7f34fe6ef000 rw-p 00000000 00:00 0                          [stack:12948]
7f34fe6ef000-7f34fe6f2000 ---p 00000000 00:00 0 
7f34fe6f2000-7f34fe7f0000 rw-p 00000000 00:00 0                          [stack:12947]
7f34fe7f0000-7f34fe7f1000 ---p 00000000 00:00 0 
7f34fe7f1000-7f3500000000 rw-p 00000000 00:00 0                          [stack:12946]
7f3500000000-7f3500021000 rw-p 00000000 00:00 0 
7f3500021000-7f3504000000 ---p 00000000 00:00 0 
7f3504000000-7f3504004000 r--s 00027000 00:2a 10881471                   /home/rgarcia/.gradle/caches/modules-2/files-2.1/org.lwjgl.lwjgl/lwjgl_util/2.9.2/4b9e37300a87799856e0bd15ed81663cdb6b0947/lwjgl_util-2.9.2.jar
7f3504004000-7f3504005000 rw-s 100984000 00:06 363                       /dev/dri/card0
7f3504005000-7f3504006000 rw-s 00000000 00:05 287945                     /drm mm object (deleted)
7f3504006000-7f3504014000 r--s 000f2000 00:2a 10748392                   /home/rgarcia/.gradle/caches/modules-2/files-2.1/org.lwjgl.lwjgl/lwjgl/2.9.2/a9d80fe5935c7a9149f6584d9777cfd471f65489/lwjgl-2.9.2.jar
7f3504014000-7f350402f000 r--s 001d4000 08:01 18091533                   /usr/lib/jvm/java-8-openjdk-amd64/jre/lib/ext/nashorn.jar
7f350402f000-7f35040b3000 rw-p 00000000 00:00 0 
7f35040b3000-7f3504280000 r--s 03be8000 08:01 18091539                   /usr/lib/jvm/java-8-openjdk-amd64/jre/lib/rt.jar
7f3504280000-7f3508000000 rw-p 00000000 00:00 0 
7f3508000000-7f3508021000 rw-p 00000000 00:00 0 
7f3508021000-7f350c000000 ---p 00000000 00:00 0 
7f350c000000-7f350c021000 rw-p 00000000 00:00 0 
7f350c021000-7f3510000000 ---p 00000000 00:00 0 
7f3510000000-7f3510021000 rw-p 00000000 00:00 0 
7f3510021000-7f3514000000 ---p 00000000 00:00 0 
7f3514000000-7f3514001000 r--s 00000000 00:28 34                         /run/user/1000/dconf/user
7f3514001000-7f3514002000 r--s 00068000 00:2a 11274527                   /home/rgarcia/.gradle/caches/modules-2/files-2.1/org.lwjgl.lwjgl/lwjgl-platform/2.9.2/d55b46b40b40249d627a83a7f7f22649709d70c3/lwjgl-platform-2.9.2-natives-osx.jar
7f3514002000-7f3514003000 r--s 0008d000 00:2a 11142612                   /home/rgarcia/.gradle/caches/modules-2/files-2.1/org.lwjgl.lwjgl/lwjgl-platform/2.9.2/d276cdf61fe2b516c7b7f4aa1b8dea91dbdc8d56/lwjgl-platform-2.9.2-natives-linux.jar
7f3514003000-7f3514004000 r--s 00095000 00:2a 11011443                   /home/rgarcia/.gradle/caches/modules-2/files-2.1/org.lwjgl.lwjgl/lwjgl-platform/2.9.2/510c7d317f5e9e700b9cfaac5fd38bdebf0702e0/lwjgl-platform-2.9.2-natives-windows.jar
7f3514004000-7f3514006000 r--s 00017000 00:2a 8520313                    /home/rgarcia/.gradle/caches/modules-2/files-2.1/org.jcraft/jorbis/0.0.17/8872d22b293e8f5d7d56ff92be966e6dc28ebdc6/jorbis-0.0.17.jar
7f3514006000-7f3514007000 r--s 00001000 00:2a 8520323                    /home/rgarcia/.gradle/caches/modules-2/files-2.1/net.java.jutils/jutils/1.0.0/e12fe1fda814bd348c1579329c86943d2cd3c6a6/jutils-1.0.0.jar
7f3514007000-7f351400b000 r--s 0002f000 00:2a 8520321                    /home/rgarcia/.gradle/caches/modules-2/files-2.1/net.java.jinput/jinput/2.0.5/39c7796b469a600f72380316f6b1f11db6c2c7c4/jinput-2.0.5.jar
7f351400b000-7f351400c000 r--s 00002000 00:2a 8520325                    /home/rgarcia/.gradle/caches/modules-2/files-2.1/net.java.jinput/jinput-platform/2.0.5/7ff832a6eb9ab6a767f1ade2b548092d0fa64795/jinput-platform-2.0.5-natives-linux.jar
7f351400c000-7f351400d000 r--s 00002000 00:2a 8520329                    /home/rgarcia/.gradle/caches/modules-2/files-2.1/net.java.jinput/jinput-platform/2.0.5/53f9c919f34d2ca9de8c51fc4e1e8282029a9232/jinput-platform-2.0.5-natives-osx.jar
7f351400d000-7f351400e000 r--s 00025000 00:2a 8520327                    /home/rgarcia/.gradle/caches/modules-2/files-2.1/net.java.jinput/jinput-platform/2.0.5/385ee093e01f587f30ee1c8a2ee7d408fd732e16/jinput-platform-2.0.5-natives-windows.jar
7f351400e000-7f3514011000 r--s 00025000 00:2a 8389691                    /home/rgarcia/.gradle/caches/modules-2/files-2.1/commons-io/commons-io/2.1/fd51f906669f49a4ffd06650666c3b8147a6106e/commons-io-2.1.jar
7f3514011000-7f3514012000 r--s 00005000 00:2a 8915268                    /home/rgarcia/.gradle/caches/modules-2/files-2.1/com.eclipsesource.minimal-json/minimal-json/0.9.1/9b409b88e38b11519ce3334cbcdda361462ac72d/minimal-json-0.9.1.jar
7f3514012000-7f3514014000 r--s 0001b000 00:2a 8915262                    /home/rgarcia/.gradle/caches/modules-2/files-2.1/com.badlogicgames.packr/packr/1.2/22e0ea0fe9a56b8aab8a9351f9a3f12db96ded59/packr-1.2.jar
7f3514014000-7f3514015000 r--s 00015000 00:2a 8520311                    /home/rgarcia/.gradle/caches/modules-2/files-2.1/com.badlogicgames.jlayer/jlayer/1.0.1-gdx/7cca83cec5c1b2f011362f4d85aabd71a73b049d/jlayer-1.0.1-gdx.jar
7f3514015000-7f3514463000 rw-p 00000000 00:00 0 
7f3514463000-7f3514464000 ---p 00000000 00:00 0 
7f3514464000-7f3514564000 rw-p 00000000 00:00 0                          [stack:12945]
7f3514564000-7f3514565000 ---p 00000000 00:00 0 
7f3514565000-7f3514665000 rw-p 00000000 00:00 0                          [stack:12944]
7f3514665000-7f3514666000 ---p 00000000 00:00 0 
7f3514666000-7f3514766000 rw-p 00000000 00:00 0                          [stack:12943]
7f3514766000-7f3514767000 ---p 00000000 00:00 0 
7f3514767000-7f3514891000 rw-p 00000000 00:00 0                          [stack:12942]
7f3514891000-7f3514af7000 ---p 00000000 00:00 0 
7f3514af7000-7f3514b0c000 rw-p 00000000 00:00 0 
7f3514b0c000-7f3514c3f000 ---p 00000000 00:00 0 
7f3514c3f000-7f3514c4c000 rw-p 00000000 00:00 0 
7f3514c4c000-7f3515000000 ---p 00000000 00:00 0 
7f3515000000-7f35152f0000 rwxp 00000000 00:00 0 
7f35152f0000-7f3524000000 ---p 00000000 00:00 0 
7f3524000000-7f3524793000 rw-p 00000000 00:00 0 
7f3524793000-7f3528000000 ---p 00000000 00:00 0 
7f3528000000-7f352800b000 r--s 00098000 00:2a 12326160                   /home/rgarcia/.gradle/caches/modules-2/files-2.1/com.badlogicgames.gdx/gdx-tools/1.8.0/5725b366dff2167eae8cec1b4a1a2806fe7b5e27/gdx-tools-1.8.0.jar
7f352800b000-7f352800c000 r--s 000d4000 00:2a 12063800                   /home/rgarcia/.gradle/caches/modules-2/files-2.1/com.badlogicgames.gdx/gdx-platform/1.8.0/96dac3baecfdf1e28ac6dbfe51f3cfcaf6f90785/gdx-platform-1.8.0-natives-desktop.jar
7f352800c000-7f352800e000 r--s 00008000 00:2a 12063670                   /home/rgarcia/.gradle/caches/modules-2/files-2.1/com.badlogicgames.gdx/gdx-freetype/1.8.0/1b0670e281e8f72ed3a94c9afc6d73f6f5f27aed/gdx-freetype-1.8.0.jar
7f352800e000-7f352800f000 r--s 0021a000 00:2a 12063802                   /home/rgarcia/.gradle/caches/modules-2/files-2.1/com.badlogicgames.gdx/gdx-freetype-platform/1.8.0/be30622431e390dc087ee4a935f9319bfe0adb1c/gdx-freetype-platform-1.8.0-natives-desktop.jar
7f352800f000-7f3528012000 r--s 00020000 00:2a 12063798                   /home/rgarcia/.gradle/caches/modules-2/files-2.1/com.badlogicgames.gdx/gdx-backend-lwjgl/1.8.0/83ec9ed2262d201b0c76183a92450286ca39bd63/gdx-backend-lwjgl-1.8.0.jar
7f3528012000-7f3528015000 r--s 0000f000 08:01 18091515                   /usr/lib/jvm/java-8-openjdk-amd64/jre/lib/ext/icedtea-sound.jar
7f3528015000-7f35280bb000 rw-p 00000000 00:00 0 
7f35280bb000-7f3528321000 ---p 00000000 00:00 0 
7f3528321000-7f3528329000 r-xp 00000000 08:01 18091714                   /usr/lib/jvm/java-8-openjdk-amd64/jre/lib/amd64/libzip.so
7f3528329000-7f3528528000 ---p 00008000 08:01 18091714                   /usr/lib/jvm/java-8-openjdk-amd64/jre/lib/amd64/libzip.so
7f3528528000-7f3528529000 r--p 00007000 08:01 18091714                   /usr/lib/jvm/java-8-openjdk-amd64/jre/lib/amd64/libzip.so
7f3528529000-7f352852a000 rw-p 00008000 08:01 18091714                   /usr/lib/jvm/java-8-openjdk-amd64/jre/lib/amd64/libzip.so
7f352852a000-7f3528557000 r-xp 00000000 08:01 18091722                   /usr/lib/jvm/java-8-openjdk-amd64/jre/lib/amd64/libjava.so
7f3528557000-7f3528756000 ---p 0002d000 08:01 18091722                   /usr/lib/jvm/java-8-openjdk-amd64/jre/lib/amd64/libjava.so
7f3528756000-7f3528757000 r--p 0002c000 08:01 18091722                   /usr/lib/jvm/java-8-openjdk-amd64/jre/lib/amd64/libjava.so
7f3528757000-7f3528759000 rw-p 0002d000 08:01 18091722                   /usr/lib/jvm/java-8-openjdk-amd64/jre/lib/amd64/libjava.so
7f3528759000-7f3528768000 r-xp 00000000 08:01 18091768                   /usr/lib/jvm/java-8-openjdk-amd64/jre/lib/amd64/libverify.so
7f3528768000-7f3528967000 ---p 0000f000 08:01 18091768                   /usr/lib/jvm/java-8-openjdk-amd64/jre/lib/amd64/libverify.so
7f3528967000-7f3528969000 r--p 0000e000 08:01 18091768                   /usr/lib/jvm/java-8-openjdk-amd64/jre/lib/amd64/libverify.so
7f3528969000-7f352896a000 rw-p 00010000 08:01 18091768                   /usr/lib/jvm/java-8-openjdk-amd64/jre/lib/amd64/libverify.so
7f352896a000-7f3528971000 r-xp 00000000 08:01 29366665                   /lib/x86_64-linux-gnu/librt-2.21.so
7f3528971000-7f3528b70000 ---p 00007000 08:01 29366665                   /lib/x86_64-linux-gnu/librt-2.21.so
7f3528b70000-7f3528b71000 r--p 00006000 08:01 29366665                   /lib/x86_64-linux-gnu/librt-2.21.so
7f3528b71000-7f3528b72000 rw-p 00007000 08:01 29366665                   /lib/x86_64-linux-gnu/librt-2.21.so
7f3528b72000-7f3528b88000 r-xp 00000000 08:01 29361485                   /lib/x86_64-linux-gnu/libgcc_s.so.1
7f3528b88000-7f3528d87000 ---p 00016000 08:01 29361485                   /lib/x86_64-linux-gnu/libgcc_s.so.1
7f3528d87000-7f3528d88000 r--p 00015000 08:01 29361485                   /lib/x86_64-linux-gnu/libgcc_s.so.1
7f3528d88000-7f3528d89000 rw-p 00016000 08:01 29361485                   /lib/x86_64-linux-gnu/libgcc_s.so.1
7f3528d89000-7f3528e90000 r-xp 00000000 08:01 29366661                   /lib/x86_64-linux-gnu/libm-2.21.so
7f3528e90000-7f352908f000 ---p 00107000 08:01 29366661                   /lib/x86_64-linux-gnu/libm-2.21.so
7f352908f000-7f3529090000 r--p 00106000 08:01 29366661                   /lib/x86_64-linux-gnu/libm-2.21.so
7f3529090000-7f3529091000 rw-p 00107000 08:01 29366661                   /lib/x86_64-linux-gnu/libm-2.21.so
7f3529091000-7f3529204000 r-xp 00000000 08:01 18093920                   /usr/lib/x86_64-linux-gnu/libstdc++.so.6.0.21
7f3529204000-7f3529403000 ---p 00173000 08:01 18093920                   /usr/lib/x86_64-linux-gnu/libstdc++.so.6.0.21
7f3529403000-7f352940d000 r--p 00172000 08:01 18093920                   /usr/lib/x86_64-linux-gnu/libstdc++.so.6.0.21
7f352940d000-7f352940f000 rw-p 0017c000 08:01 18093920                   /usr/lib/x86_64-linux-gnu/libstdc++.so.6.0.21
7f352940f000-7f3529413000 rw-p 00000000 00:00 0 
7f3529413000-7f352a058000 r-xp 00000000 08:01 18091738                   /usr/lib/jvm/java-8-openjdk-amd64/jre/lib/amd64/server/libjvm.so
7f352a058000-7f352a257000 ---p 00c45000 08:01 18091738                   /usr/lib/jvm/java-8-openjdk-amd64/jre/lib/amd64/server/libjvm.so
7f352a257000-7f352a2ea000 r--p 00c44000 08:01 18091738                   /usr/lib/jvm/java-8-openjdk-amd64/jre/lib/amd64/server/libjvm.so
7f352a2ea000-7f352a312000 rw-p 00cd7000 08:01 18091738                   /usr/lib/jvm/java-8-openjdk-amd64/jre/lib/amd64/server/libjvm.so
7f352a312000-7f352a341000 rw-p 00000000 00:00 0 
7f352a341000-7f352a359000 r-xp 00000000 08:01 29361528                   /lib/x86_64-linux-gnu/libpthread-2.21.so
7f352a359000-7f352a559000 ---p 00018000 08:01 29361528                   /lib/x86_64-linux-gnu/libpthread-2.21.so
7f352a559000-7f352a55a000 r--p 00018000 08:01 29361528                   /lib/x86_64-linux-gnu/libpthread-2.21.so
7f352a55a000-7f352a55b000 rw-p 00019000 08:01 29361528                   /lib/x86_64-linux-gnu/libpthread-2.21.so
7f352a55b000-7f352a55f000 rw-p 00000000 00:00 0 
7f352a55f000-7f352a562000 r-xp 00000000 08:01 29361520                   /lib/x86_64-linux-gnu/libdl-2.21.so
7f352a562000-7f352a761000 ---p 00003000 08:01 29361520                   /lib/x86_64-linux-gnu/libdl-2.21.so
7f352a761000-7f352a762000 r--p 00002000 08:01 29361520                   /lib/x86_64-linux-gnu/libdl-2.21.so
7f352a762000-7f352a763000 rw-p 00003000 08:01 29361520                   /lib/x86_64-linux-gnu/libdl-2.21.so
7f352a763000-7f352a77c000 r-xp 00000000 08:01 29364069                   /lib/x86_64-linux-gnu/libz.so.1.2.8
7f352a77c000-7f352a97b000 ---p 00019000 08:01 29364069                   /lib/x86_64-linux-gnu/libz.so.1.2.8
7f352a97b000-7f352a97c000 r--p 00018000 08:01 29364069                   /lib/x86_64-linux-gnu/libz.so.1.2.8
7f352a97c000-7f352a97d000 rw-p 00019000 08:01 29364069                   /lib/x86_64-linux-gnu/libz.so.1.2.8
7f352a97d000-7f352ab3d000 r-xp 00000000 08:01 29366671                   /lib/x86_64-linux-gnu/libc-2.21.so
7f352ab3d000-7f352ad3d000 ---p 001c0000 08:01 29366671                   /lib/x86_64-linux-gnu/libc-2.21.so
7f352ad3d000-7f352ad41000 r--p 001c0000 08:01 29366671                   /lib/x86_64-linux-gnu/libc-2.21.so
7f352ad41000-7f352ad43000 rw-p 001c4000 08:01 29366671                   /lib/x86_64-linux-gnu/libc-2.21.so
7f352ad43000-7f352ad47000 rw-p 00000000 00:00 0 
7f352ad47000-7f352ad54000 r-xp 00000000 08:01 18091784                   /usr/lib/jvm/java-8-openjdk-amd64/jre/lib/amd64/jli/libjli.so
7f352ad54000-7f352af54000 ---p 0000d000 08:01 18091784                   /usr/lib/jvm/java-8-openjdk-amd64/jre/lib/amd64/jli/libjli.so
7f352af54000-7f352af55000 r--p 0000d000 08:01 18091784                   /usr/lib/jvm/java-8-openjdk-amd64/jre/lib/amd64/jli/libjli.so
7f352af55000-7f352af56000 rw-p 0000e000 08:01 18091784                   /usr/lib/jvm/java-8-openjdk-amd64/jre/lib/amd64/jli/libjli.so
7f352af56000-7f352af7a000 r-xp 00000000 08:01 29361526                   /lib/x86_64-linux-gnu/ld-2.21.so
7f352af7a000-7f352af7b000 r--s 00005000 00:2a 13895618                   /home/rgarcia/.gradle/caches/modules-2/files-2.1/com.badlogicgames.gdx/gdx-backend-headless/1.8.0/857a0088170089f0f2831cdd3a044db53d717679/gdx-backend-headless-1.8.0.jar
7f352af7b000-7f352af7f000 r--s 00037000 08:01 18091525                   /usr/lib/jvm/java-8-openjdk-amd64/jre/lib/ext/sunpkcs11.jar
7f352af7f000-7f352b01b000 rw-p 00000000 00:00 0 
7f352b01b000-7f352b050000 r--s 00000000 08:01 12323966                   /var/cache/nscd/passwd
7f352b050000-7f352b053000 ---p 00000000 00:00 0 
7f352b053000-7f352b156000 rw-p 00000000 00:00 0                          [stack:12941]
7f352b156000-7f352b157000 r--s 00010000 08:01 18091487                   /usr/lib/jvm/java-8-openjdk-amd64/jre/lib/ext/zipfs.jar
7f352b157000-7f352b158000 r--s 00008000 08:01 18091532                   /usr/lib/jvm/java-8-openjdk-amd64/jre/lib/ext/sunec.jar
7f352b158000-7f352b15a000 r--s 00007000 08:01 18485358                   /usr/share/java/java-atk-wrapper.jar
7f352b15a000-7f352b15c000 r--s 00001000 08:01 18091530                   /usr/lib/jvm/java-8-openjdk-amd64/jre/lib/ext/dnsns.jar
7f352b15c000-7f352b162000 r--s 0003a000 08:01 18091524                   /usr/lib/jvm/java-8-openjdk-amd64/jre/lib/ext/sunjce_provider.jar
7f352b162000-7f352b16c000 r--s 00116000 08:01 18091495                   /usr/lib/jvm/java-8-openjdk-amd64/jre/lib/ext/localedata.jar
7f352b16c000-7f352b16d000 r--s 0000a000 08:01 18091520                   /usr/lib/jvm/java-8-openjdk-amd64/jre/lib/ext/jaccess.jar
7f352b16d000-7f352b175000 rw-s 00000000 08:01 19929861                   /tmp/hsperfdata_rgarcia/12936
7f352b175000-7f352b176000 rw-p 00000000 00:00 0 
7f352b176000-7f352b177000 r--p 00000000 00:00 0 
7f352b177000-7f352b179000 rw-p 00000000 00:00 0 
7f352b179000-7f352b17a000 r--p 00023000 08:01 29361526                   /lib/x86_64-linux-gnu/ld-2.21.so
7f352b17a000-7f352b17b000 rw-p 00024000 08:01 29361526                   /lib/x86_64-linux-gnu/ld-2.21.so
7f352b17b000-7f352b17c000 rw-p 00000000 00:00 0 
7ffdc28ce000-7ffdc28f0000 rw-p 00000000 00:00 0                          [stack]
7ffdc29cd000-7ffdc29cf000 r--p 00000000 00:00 0                          [vvar]
7ffdc29cf000-7ffdc29d1000 r-xp 00000000 00:00 0                          [vdso]
ffffffffff600000-ffffffffff601000 r-xp 00000000 00:00 0                  [vsyscall]

VM Arguments:
jvm_args: -Dfile.encoding=UTF-8 
java_command: com.bladecoder.engineeditor.Main
java_class_path (initial): /home/rgarcia/git/bladecoder-adventure-engine/adventure-editor/bin:/home/rgarcia/.gradle/caches/modules-2/files-2.1/com.badlogicgames.gdx/gdx-backend-headless/1.8.0/857a0088170089f0f2831cdd3a044db53d717679/gdx-backend-headless-1.8.0.jar:/home/rgarcia/.gradle/caches/modules-2/files-2.1/com.badlogicgames.gdx/gdx-backend-lwjgl/1.8.0/83ec9ed2262d201b0c76183a92450286ca39bd63/gdx-backend-lwjgl-1.8.0.jar:/home/rgarcia/.gradle/caches/modules-2/files-2.1/com.badlogicgames.gdx/gdx-freetype-platform/1.8.0/be30622431e390dc087ee4a935f9319bfe0adb1c/gdx-freetype-platform-1.8.0-natives-desktop.jar:/home/rgarcia/.gradle/caches/modules-2/files-2.1/com.badlogicgames.gdx/gdx-freetype/1.8.0/1b0670e281e8f72ed3a94c9afc6d73f6f5f27aed/gdx-freetype-1.8.0.jar:/home/rgarcia/.gradle/caches/modules-2/files-2.1/com.badlogicgames.gdx/gdx-platform/1.8.0/96dac3baecfdf1e28ac6dbfe51f3cfcaf6f90785/gdx-platform-1.8.0-natives-desktop.jar:/home/rgarcia/.gradle/caches/modules-2/files-2.1/com.badlogicgames.gdx/gdx-tools/1.8.0/5725b366dff2167eae8cec1b4a1a2806fe7b5e27/gdx-tools-1.8.0.jar:/home/rgarcia/.gradle/caches/modules-2/files-2.1/com.badlogicgames.gdx/gdx/1.8.0/8aaf0d40f211e94051538d28b06996a6cc5ed2af/gdx-1.8.0.jar:/home/rgarcia/.gradle/caches/modules-2/files-2.1/com.badlogicgames.jlayer/jlayer/1.0.1-gdx/7cca83cec5c1b2f011362f4d85aabd71a73b049d/jlayer-1.0.1-gdx.jar:/home/rgarcia/.gradle/caches/modules-2/files-2.1/com.badlogicgames.packr/packr/1.2/22e0ea0fe9a56b8aab8a9351f9a3f12db96ded59/packr-1.2.jar:/home/rgarcia/.gradle/caches/modules-2/files-2.1/com.eclipsesource.minimal-json/minimal-json/0.9.1/9b409b88e38b11519ce3334cbcdda361462ac72d/minimal-json-0.9.1.jar:/home/rgarcia/.gradle/caches/modules-2/files-2.1/commons-io/commons-io/2.1/fd51f906669f49a4ffd06650666c3b8147a6106e/commons-io-2.1.jar:/home/rgarcia/.gradle/caches/modules-2/files-2.1/net.java.jinput/jinput-platform/2.0.5/385ee093e01f587f30ee1c8a2ee7d408fd732e16/jinput-platform-2.0.5-natives-windows.jar:/home/rgarcia/.
Launcher Type: SUN_STANDARD

Environment Variables:
PATH=/home/rgarcia/bin:/usr/local/sbin:/usr/local/bin:/usr/sbin:/usr/bin:/sbin:/bin:/usr/games:/usr/local/games
SHELL=/bin/bash
DISPLAY=:0

Signal Handlers:
SIGSEGV: [libjvm.so+0xa5d4d0], sa_mask[0]=11111111011111111101111111111110, sa_flags=SA_RESTART|SA_SIGINFO
SIGBUS: [libjvm.so+0xa5d4d0], sa_mask[0]=11111111011111111101111111111110, sa_flags=SA_RESTART|SA_SIGINFO
SIGFPE: [libjvm.so+0x8a9210], sa_mask[0]=11111111011111111101111111111110, sa_flags=SA_RESTART|SA_SIGINFO
SIGPIPE: SIG_IGN, sa_mask[0]=00000000000010000000000000000000, sa_flags=SA_RESTART
SIGXFSZ: [libjvm.so+0x8a9210], sa_mask[0]=11111111011111111101111111111110, sa_flags=SA_RESTART|SA_SIGINFO
SIGILL: [libjvm.so+0x8a9210], sa_mask[0]=11111111011111111101111111111110, sa_flags=SA_RESTART|SA_SIGINFO
SIGUSR1: SIG_DFL, sa_mask[0]=00000000000000000000000000000000, sa_flags=none
SIGUSR2: [libjvm.so+0x8a90c0], sa_mask[0]=00100000000000000000000000000000, sa_flags=SA_RESTART|SA_SIGINFO
SIGHUP: [libjvm.so+0x8a9590], sa_mask[0]=11111111011111111101111111111110, sa_flags=SA_RESTART|SA_SIGINFO
SIGINT: [libjvm.so+0x8a9590], sa_mask[0]=11111111011111111101111111111110, sa_flags=SA_RESTART|SA_SIGINFO
SIGTERM: [libjvm.so+0x8a9590], sa_mask[0]=11111111011111111101111111111110, sa_flags=SA_RESTART|SA_SIGINFO
SIGQUIT: [libjvm.so+0x8a9590], sa_mask[0]=11111111011111111101111111111110, sa_flags=SA_RESTART|SA_SIGINFO


---------------  S Y S T E M  ---------------

OS:DISTRIB_ID=Ubuntu
DISTRIB_RELEASE=15.10
DISTRIB_CODENAME=wily
DISTRIB_DESCRIPTION="Ubuntu 15.10"

uname:Linux 4.2.0-23-generic #28-Ubuntu SMP Sun Dec 27 17:47:31 UTC 2015 x86_64
libc:glibc 2.21 NPTL 2.21 
rlimit: STACK 8192k, CORE 0k, NPROC 31347, NOFILE 65536, AS infinity
load average:1,97 1,30 1,03

/proc/meminfo:
MemTotal:        8059636 kB
MemFree:          199820 kB
MemAvailable:    1658404 kB
Buffers:          354668 kB
Cached:          1754208 kB
SwapCached:         1828 kB
Active:          5683724 kB
Inactive:        1844120 kB
Active(anon):    4934696 kB
Inactive(anon):  1197648 kB
Active(file):     749028 kB
Inactive(file):   646472 kB
Unevictable:         272 kB
Mlocked:             272 kB
SwapTotal:       4143100 kB
SwapFree:        4043020 kB
Dirty:              1044 kB
Writeback:             0 kB
AnonPages:       5418328 kB
Mapped:           790612 kB
Shmem:            713156 kB
Slab:             177716 kB
SReclaimable:     105336 kB
SUnreclaim:        72380 kB
KernelStack:       15328 kB
PageTables:        84652 kB
NFS_Unstable:          0 kB
Bounce:                0 kB
WritebackTmp:          0 kB
CommitLimit:     8172916 kB
Committed_AS:   14840696 kB
VmallocTotal:   34359738367 kB
VmallocUsed:      357684 kB
VmallocChunk:   34358947836 kB
HardwareCorrupted:     0 kB
AnonHugePages:   1949696 kB
CmaTotal:              0 kB
CmaFree:               0 kB
HugePages_Total:       0
HugePages_Free:        0
HugePages_Rsvd:        0
HugePages_Surp:        0
Hugepagesize:       2048 kB
DirectMap4k:      267036 kB
DirectMap2M:     8005632 kB


CPU:total 4 (2 cores per cpu, 2 threads per core) family 6 model 58 stepping 9, cmov, cx8, fxsr, mmx, sse, sse2, sse3, ssse3, sse4.1, sse4.2, popcnt, avx, aes, clmul, erms, ht, tsc, tscinvbit, tscinv

/proc/cpuinfo:
processor	: 0
vendor_id	: GenuineIntel
cpu family	: 6
model		: 58
model name	: Intel(R) Core(TM) i5-3230M CPU @ 2.60GHz
stepping	: 9
microcode	: 0x15
cpu MHz		: 2999.953
cache size	: 3072 KB
physical id	: 0
siblings	: 4
core id		: 0
cpu cores	: 2
apicid		: 0
initial apicid	: 0
fpu		: yes
fpu_exception	: yes
cpuid level	: 13
wp		: yes
flags		: fpu vme de pse tsc msr pae mce cx8 apic sep mtrr pge mca cmov pat pse36 clflush dts acpi mmx fxsr sse sse2 ss ht tm pbe syscall nx rdtscp lm constant_tsc arch_perfmon pebs bts rep_good nopl xtopology nonstop_tsc aperfmperf eagerfpu pni pclmulqdq dtes64 monitor ds_cpl vmx est tm2 ssse3 cx16 xtpr pdcm pcid sse4_1 sse4_2 x2apic popcnt tsc_deadline_timer aes xsave avx f16c rdrand lahf_lm ida arat epb pln pts dtherm tpr_shadow vnmi flexpriority ept vpid fsgsbase smep erms xsaveopt
bugs		:
bogomips	: 5183.05
clflush size	: 64
cache_alignment	: 64
address sizes	: 36 bits physical, 48 bits virtual
power management:

processor	: 1
vendor_id	: GenuineIntel
cpu family	: 6
model		: 58
model name	: Intel(R) Core(TM) i5-3230M CPU @ 2.60GHz
stepping	: 9
microcode	: 0x15
cpu MHz		: 2999.953
cache size	: 3072 KB
physical id	: 0
siblings	: 4
core id		: 1
cpu cores	: 2
apicid		: 2
initial apicid	: 2
fpu		: yes
fpu_exception	: yes
cpuid level	: 13
wp		: yes
flags		: fpu vme de pse tsc msr pae mce cx8 apic sep mtrr pge mca cmov pat pse36 clflush dts acpi mmx fxsr sse sse2 ss ht tm pbe syscall nx rdtscp lm constant_tsc arch_perfmon pebs bts rep_good nopl xtopology nonstop_tsc aperfmperf eagerfpu pni pclmulqdq dtes64 monitor ds_cpl vmx est tm2 ssse3 cx16 xtpr pdcm pcid sse4_1 sse4_2 x2apic popcnt tsc_deadline_timer aes xsave avx f16c rdrand lahf_lm ida arat epb pln pts dtherm tpr_shadow vnmi flexpriority ept vpid fsgsbase smep erms xsaveopt
bugs		:
bogomips	: 5183.05
clflush size	: 64
cache_alignment	: 64
address sizes	: 36 bits physical, 48 bits virtual
power management:

processor	: 2
vendor_id	: GenuineIntel
cpu family	: 6
model		: 58
model name	: Intel(R) Core(TM) i5-3230M CPU @ 2.60GHz
stepping	: 9
microcode	: 0x15
cpu MHz		: 3001.070
cache size	: 3072 KB
physical id	: 0
siblings	: 4
core id		: 0
cpu cores	: 2
apicid		: 1
initial apicid	: 1
fpu		: yes
fpu_exception	: yes
cpuid level	: 13
wp		: yes
flags		: fpu vme de pse tsc msr pae mce cx8 apic sep mtrr pge mca cmov pat pse36 clflush dts acpi mmx fxsr sse sse2 ss ht tm pbe syscall nx rdtscp lm constant_tsc arch_perfmon pebs bts rep_good nopl xtopology nonstop_tsc aperfmperf eagerfpu pni pclmulqdq dtes64 monitor ds_cpl vmx est tm2 ssse3 cx16 xtpr pdcm pcid sse4_1 sse4_2 x2apic popcnt tsc_deadline_timer aes xsave avx f16c rdrand lahf_lm ida arat epb pln pts dtherm tpr_shadow vnmi flexpriority ept vpid fsgsbase smep erms xsaveopt
bugs		:
bogomips	: 5183.05
clflush size	: 64
cache_alignment	: 64
address sizes	: 36 bits physical, 48 bits virtual
power management:

processor	: 3
vendor_id	: GenuineIntel
cpu family	: 6
model		: 58
model name	: Intel(R) Core(TM) i5-3230M CPU @ 2.60GHz
stepping	: 9
microcode	: 0x15
cpu MHz		: 2999.953
cache size	: 3072 KB
physical id	: 0
siblings	: 4
core id		: 1
cpu cores	: 2
apicid		: 3
initial apicid	: 3
fpu		: yes
fpu_exception	: yes
cpuid level	: 13
wp		: yes
flags		: fpu vme de pse tsc msr pae mce cx8 apic sep mtrr pge mca cmov pat pse36 clflush dts acpi mmx fxsr sse sse2 ss ht tm pbe syscall nx rdtscp lm constant_tsc arch_perfmon pebs bts rep_good nopl xtopology nonstop_tsc aperfmperf eagerfpu pni pclmulqdq dtes64 monitor ds_cpl vmx est tm2 ssse3 cx16 xtpr pdcm pcid sse4_1 sse4_2 x2apic popcnt tsc_deadline_timer aes xsave avx f16c rdrand lahf_lm ida arat epb pln pts dtherm tpr_shadow vnmi flexpriority ept vpid fsgsbase smep erms xsaveopt
bugs		:
bogomips	: 5183.05
clflush size	: 64
cache_alignment	: 64
address sizes	: 36 bits physical, 48 bits virtual
power management:



Memory: 4k page, physical 8059636k(199648k free), swap 4143100k(4043020k free)

vm_info: OpenJDK 64-Bit Server VM (25.66-b17) for linux-amd64 JRE (1.8.0_66-internal-b17), built on Oct 21 2015 22:08:46 by "buildd" with gcc 5.2.1 20151010

time: Wed Jan 13 19:14:48 2016
elapsed time: 0 seconds (0d 0h 0m 0s)

